{"C:\\Users\\user\\bot_bot\\backend\\src\\config\\redis.js": {"path":"C:\\Users\\user\\bot_bot\\backend\\src\\config\\redis.js","statementMap":{"0":{"start":{"line":1,"column":15},"end":{"line":18,"column":1}},"1":{"start":{"line":7,"column":18},"end":{"line":7,"column":44}},"2":{"start":{"line":8,"column":4},"end":{"line":8,"column":17}},"3":{"start":{"line":20,"column":0},"end":{"line":20,"column":24}}},"fnMap":{"0":{"name":"(anonymous_0)","decl":{"start":{"line":6,"column":17},"end":{"line":6,"column":18}},"loc":{"start":{"line":6,"column":28},"end":{"line":9,"column":3}},"line":6}},"branchMap":{"0":{"loc":{"start":{"line":2,"column":8},"end":{"line":2,"column":45}},"type":"binary-expr","locations":[{"start":{"line":2,"column":8},"end":{"line":2,"column":30}},{"start":{"line":2,"column":34},"end":{"line":2,"column":45}}],"line":2},"1":{"loc":{"start":{"line":3,"column":8},"end":{"line":3,"column":38}},"type":"binary-expr","locations":[{"start":{"line":3,"column":8},"end":{"line":3,"column":30}},{"start":{"line":3,"column":34},"end":{"line":3,"column":38}}],"line":3},"2":{"loc":{"start":{"line":5,"column":6},"end":{"line":5,"column":45}},"type":"cond-expr","locations":[{"start":{"line":5,"column":40},"end":{"line":5,"column":41}},{"start":{"line":5,"column":44},"end":{"line":5,"column":45}}],"line":5},"3":{"loc":{"start":{"line":14,"column":6},"end":{"line":17,"column":3}},"type":"binary-expr","locations":[{"start":{"line":14,"column":6},"end":{"line":14,"column":37}},{"start":{"line":14,"column":41},"end":{"line":17,"column":3}}],"line":14}},"s":{"0":5,"1":0,"2":0,"3":5},"f":{"0":0},"b":{"0":[5,5],"1":[5,5],"2":[5,0],"3":[5,5]},"_coverageSchema":"1a1c01bbd47fc00a2c39e90264f33305004495a9","hash":"4a41253116bc04f82c77da134601a02b64ae88b7"}
,"C:\\Users\\user\\bot_bot\\backend\\src\\config\\sentry.js": {"path":"C:\\Users\\user\\bot_bot\\backend\\src\\config\\sentry.js","statementMap":{"0":{"start":{"line":5,"column":15},"end":{"line":5,"column":38}},"1":{"start":{"line":6,"column":27},"end":{"line":6,"column":58}},"2":{"start":{"line":7,"column":15},"end":{"line":7,"column":41}},"3":{"start":{"line":11,"column":0},"end":{"line":18,"column":1}},"4":{"start":{"line":13,"column":2},"end":{"line":13,"column":80}},"5":{"start":{"line":14,"column":2},"end":{"line":14,"column":57}},"6":{"start":{"line":16,"column":2},"end":{"line":16,"column":85}},"7":{"start":{"line":17,"column":2},"end":{"line":17,"column":30}},"8":{"start":{"line":25,"column":19},"end":{"line":117,"column":1}},"9":{"start":{"line":27,"column":14},"end":{"line":27,"column":36}},"10":{"start":{"line":29,"column":2},"end":{"line":32,"column":3}},"11":{"start":{"line":30,"column":4},"end":{"line":30,"column":98}},"12":{"start":{"line":31,"column":4},"end":{"line":31,"column":17}},"13":{"start":{"line":34,"column":2},"end":{"line":116,"column":3}},"14":{"start":{"line":36,"column":25},"end":{"line":41,"column":5}},"15":{"start":{"line":44,"column":4},"end":{"line":51,"column":5}},"16":{"start":{"line":45,"column":6},"end":{"line":50,"column":7}},"17":{"start":{"line":46,"column":8},"end":{"line":46,"column":54}},"18":{"start":{"line":47,"column":8},"end":{"line":47,"column":58}},"19":{"start":{"line":49,"column":8},"end":{"line":49,"column":83}},"20":{"start":{"line":54,"column":4},"end":{"line":109,"column":7}},"21":{"start":{"line":72,"column":22},"end":{"line":72,"column":52}},"22":{"start":{"line":75,"column":8},"end":{"line":78,"column":9}},"23":{"start":{"line":76,"column":10},"end":{"line":76,"column":40}},"24":{"start":{"line":77,"column":10},"end":{"line":77,"column":45}},"25":{"start":{"line":81,"column":8},"end":{"line":95,"column":9}},"26":{"start":{"line":82,"column":10},"end":{"line":82,"column":53}},"27":{"start":{"line":83,"column":10},"end":{"line":83,"column":46}},"28":{"start":{"line":86,"column":10},"end":{"line":88,"column":11}},"29":{"start":{"line":87,"column":12},"end":{"line":87,"column":65}},"30":{"start":{"line":91,"column":10},"end":{"line":94,"column":11}},"31":{"start":{"line":92,"column":12},"end":{"line":92,"column":66}},"32":{"start":{"line":93,"column":12},"end":{"line":93,"column":73}},"33":{"start":{"line":98,"column":8},"end":{"line":105,"column":9}},"34":{"start":{"line":99,"column":34},"end":{"line":99,"column":98}},"35":{"start":{"line":100,"column":10},"end":{"line":104,"column":13}},"36":{"start":{"line":101,"column":12},"end":{"line":103,"column":13}},"37":{"start":{"line":102,"column":14},"end":{"line":102,"column":55}},"38":{"start":{"line":107,"column":8},"end":{"line":107,"column":21}},"39":{"start":{"line":111,"column":4},"end":{"line":111,"column":50}},"40":{"start":{"line":112,"column":4},"end":{"line":112,"column":16}},"41":{"start":{"line":114,"column":4},"end":{"line":114,"column":66}},"42":{"start":{"line":115,"column":4},"end":{"line":115,"column":17}},"43":{"start":{"line":123,"column":25},"end":{"line":145,"column":1}},"44":{"start":{"line":124,"column":14},"end":{"line":124,"column":36}},"45":{"start":{"line":126,"column":2},"end":{"line":129,"column":3}},"46":{"start":{"line":128,"column":4},"end":{"line":128,"column":40}},"47":{"start":{"line":128,"column":32},"end":{"line":128,"column":38}},"48":{"start":{"line":131,"column":2},"end":{"line":144,"column":3}},"49":{"start":{"line":133,"column":4},"end":{"line":140,"column":8}},"50":{"start":{"line":142,"column":4},"end":{"line":142,"column":76}},"51":{"start":{"line":143,"column":4},"end":{"line":143,"column":40}},"52":{"start":{"line":143,"column":32},"end":{"line":143,"column":38}},"53":{"start":{"line":151,"column":27},"end":{"line":164,"column":1}},"54":{"start":{"line":152,"column":14},"end":{"line":152,"column":36}},"55":{"start":{"line":154,"column":2},"end":{"line":156,"column":3}},"56":{"start":{"line":155,"column":4},"end":{"line":155,"column":46}},"57":{"start":{"line":155,"column":36},"end":{"line":155,"column":45}},"58":{"start":{"line":158,"column":2},"end":{"line":163,"column":3}},"59":{"start":{"line":159,"column":4},"end":{"line":159,"column":42}},"60":{"start":{"line":161,"column":4},"end":{"line":161,"column":79}},"61":{"start":{"line":162,"column":4},"end":{"line":162,"column":46}},"62":{"start":{"line":162,"column":36},"end":{"line":162,"column":45}},"63":{"start":{"line":175,"column":25},"end":{"line":209,"column":1}},"64":{"start":{"line":176,"column":2},"end":{"line":179,"column":3}},"65":{"start":{"line":177,"column":4},"end":{"line":177,"column":73}},"66":{"start":{"line":178,"column":4},"end":{"line":178,"column":11}},"67":{"start":{"line":181,"column":2},"end":{"line":208,"column":3}},"68":{"start":{"line":183,"column":4},"end":{"line":204,"column":7}},"69":{"start":{"line":185,"column":6},"end":{"line":187,"column":7}},"70":{"start":{"line":186,"column":8},"end":{"line":186,"column":28}},"71":{"start":{"line":190,"column":6},"end":{"line":192,"column":9}},"72":{"start":{"line":191,"column":8},"end":{"line":191,"column":33}},"73":{"start":{"line":195,"column":6},"end":{"line":197,"column":7}},"74":{"start":{"line":196,"column":8},"end":{"line":196,"column":46}},"75":{"start":{"line":200,"column":6},"end":{"line":200,"column":28}},"76":{"start":{"line":203,"column":6},"end":{"line":203,"column":37}},"77":{"start":{"line":206,"column":4},"end":{"line":206,"column":67}},"78":{"start":{"line":207,"column":4},"end":{"line":207,"column":44}},"79":{"start":{"line":220,"column":23},"end":{"line":254,"column":1}},"80":{"start":{"line":221,"column":2},"end":{"line":224,"column":3}},"81":{"start":{"line":222,"column":4},"end":{"line":222,"column":88}},"82":{"start":{"line":223,"column":4},"end":{"line":223,"column":11}},"83":{"start":{"line":226,"column":2},"end":{"line":253,"column":3}},"84":{"start":{"line":228,"column":4},"end":{"line":249,"column":7}},"85":{"start":{"line":230,"column":6},"end":{"line":232,"column":7}},"86":{"start":{"line":231,"column":8},"end":{"line":231,"column":28}},"87":{"start":{"line":235,"column":6},"end":{"line":237,"column":9}},"88":{"start":{"line":236,"column":8},"end":{"line":236,"column":33}},"89":{"start":{"line":240,"column":6},"end":{"line":242,"column":7}},"90":{"start":{"line":241,"column":8},"end":{"line":241,"column":46}},"91":{"start":{"line":245,"column":6},"end":{"line":245,"column":28}},"92":{"start":{"line":248,"column":6},"end":{"line":248,"column":37}},"93":{"start":{"line":251,"column":4},"end":{"line":251,"column":69}},"94":{"start":{"line":252,"column":4},"end":{"line":252,"column":48}},"95":{"start":{"line":260,"column":27},"end":{"line":314,"column":1}},"96":{"start":{"line":262,"column":2},"end":{"line":313,"column":3}},"97":{"start":{"line":263,"column":4},"end":{"line":288,"column":7}},"98":{"start":{"line":265,"column":6},"end":{"line":287,"column":7}},"99":{"start":{"line":266,"column":8},"end":{"line":266,"column":54}},"100":{"start":{"line":268,"column":8},"end":{"line":268,"column":59}},"101":{"start":{"line":271,"column":8},"end":{"line":280,"column":11}},"102":{"start":{"line":282,"column":8},"end":{"line":286,"column":11}},"103":{"start":{"line":290,"column":4},"end":{"line":310,"column":7}},"104":{"start":{"line":292,"column":22},"end":{"line":292,"column":53}},"105":{"start":{"line":294,"column":6},"end":{"line":304,"column":9}},"106":{"start":{"line":306,"column":6},"end":{"line":309,"column":9}},"107":{"start":{"line":312,"column":4},"end":{"line":312,"column":95}},"108":{"start":{"line":317,"column":0},"end":{"line":325,"column":2}}},"fnMap":{"0":{"name":"(anonymous_0)","decl":{"start":{"line":25,"column":19},"end":{"line":25,"column":20}},"loc":{"start":{"line":25,"column":28},"end":{"line":117,"column":1}},"line":25},"1":{"name":"(anonymous_1)","decl":{"start":{"line":71,"column":6},"end":{"line":71,"column":7}},"loc":{"start":{"line":71,"column":30},"end":{"line":108,"column":7}},"line":71},"2":{"name":"(anonymous_2)","decl":{"start":{"line":100,"column":34},"end":{"line":100,"column":35}},"loc":{"start":{"line":100,"column":43},"end":{"line":104,"column":11}},"line":100},"3":{"name":"(anonymous_3)","decl":{"start":{"line":123,"column":25},"end":{"line":123,"column":26}},"loc":{"start":{"line":123,"column":34},"end":{"line":145,"column":1}},"line":123},"4":{"name":"(anonymous_4)","decl":{"start":{"line":128,"column":12},"end":{"line":128,"column":13}},"loc":{"start":{"line":128,"column":32},"end":{"line":128,"column":38}},"line":128},"5":{"name":"(anonymous_5)","decl":{"start":{"line":143,"column":12},"end":{"line":143,"column":13}},"loc":{"start":{"line":143,"column":32},"end":{"line":143,"column":38}},"line":143},"6":{"name":"(anonymous_6)","decl":{"start":{"line":151,"column":27},"end":{"line":151,"column":28}},"loc":{"start":{"line":151,"column":33},"end":{"line":164,"column":1}},"line":151},"7":{"name":"(anonymous_7)","decl":{"start":{"line":155,"column":11},"end":{"line":155,"column":12}},"loc":{"start":{"line":155,"column":36},"end":{"line":155,"column":45}},"line":155},"8":{"name":"(anonymous_8)","decl":{"start":{"line":162,"column":11},"end":{"line":162,"column":12}},"loc":{"start":{"line":162,"column":36},"end":{"line":162,"column":45}},"line":162},"9":{"name":"(anonymous_9)","decl":{"start":{"line":175,"column":25},"end":{"line":175,"column":26}},"loc":{"start":{"line":175,"column":98},"end":{"line":209,"column":1}},"line":175},"10":{"name":"(anonymous_10)","decl":{"start":{"line":183,"column":21},"end":{"line":183,"column":22}},"loc":{"start":{"line":183,"column":30},"end":{"line":204,"column":5}},"line":183},"11":{"name":"(anonymous_11)","decl":{"start":{"line":190,"column":35},"end":{"line":190,"column":36}},"loc":{"start":{"line":190,"column":53},"end":{"line":192,"column":7}},"line":190},"12":{"name":"(anonymous_12)","decl":{"start":{"line":220,"column":23},"end":{"line":220,"column":24}},"loc":{"start":{"line":220,"column":97},"end":{"line":254,"column":1}},"line":220},"13":{"name":"(anonymous_13)","decl":{"start":{"line":228,"column":21},"end":{"line":228,"column":22}},"loc":{"start":{"line":228,"column":30},"end":{"line":249,"column":5}},"line":228},"14":{"name":"(anonymous_14)","decl":{"start":{"line":235,"column":35},"end":{"line":235,"column":36}},"loc":{"start":{"line":235,"column":53},"end":{"line":237,"column":7}},"line":235},"15":{"name":"(anonymous_15)","decl":{"start":{"line":260,"column":27},"end":{"line":260,"column":28}},"loc":{"start":{"line":260,"column":36},"end":{"line":314,"column":1}},"line":260},"16":{"name":"mainHandler","decl":{"start":{"line":263,"column":38},"end":{"line":263,"column":49}},"loc":{"start":{"line":263,"column":60},"end":{"line":288,"column":5}},"line":263},"17":{"name":"messageHandler","decl":{"start":{"line":290,"column":46},"end":{"line":290,"column":60}},"loc":{"start":{"line":290,"column":71},"end":{"line":310,"column":5}},"line":290}},"branchMap":{"0":{"loc":{"start":{"line":29,"column":2},"end":{"line":32,"column":3}},"type":"if","locations":[{"start":{"line":29,"column":2},"end":{"line":32,"column":3}},{"start":{},"end":{}}],"line":29},"1":{"loc":{"start":{"line":44,"column":4},"end":{"line":51,"column":5}},"type":"if","locations":[{"start":{"line":44,"column":4},"end":{"line":51,"column":5}},{"start":{},"end":{}}],"line":44},"2":{"loc":{"start":{"line":56,"column":19},"end":{"line":56,"column":56}},"type":"binary-expr","locations":[{"start":{"line":56,"column":19},"end":{"line":56,"column":39}},{"start":{"line":56,"column":43},"end":{"line":56,"column":56}}],"line":56},"3":{"loc":{"start":{"line":60,"column":24},"end":{"line":60,"column":73}},"type":"cond-expr","locations":[{"start":{"line":60,"column":64},"end":{"line":60,"column":67}},{"start":{"line":60,"column":70},"end":{"line":60,"column":73}}],"line":60},"4":{"loc":{"start":{"line":61,"column":26},"end":{"line":61,"column":75}},"type":"cond-expr","locations":[{"start":{"line":61,"column":66},"end":{"line":61,"column":69}},{"start":{"line":61,"column":72},"end":{"line":61,"column":75}}],"line":61},"5":{"loc":{"start":{"line":67,"column":18},"end":{"line":67,"column":55}},"type":"binary-expr","locations":[{"start":{"line":67,"column":18},"end":{"line":67,"column":38}},{"start":{"line":67,"column":42},"end":{"line":67,"column":55}}],"line":67},"6":{"loc":{"start":{"line":68,"column":15},"end":{"line":68,"column":57}},"type":"binary-expr","locations":[{"start":{"line":68,"column":15},"end":{"line":68,"column":46}},{"start":{"line":68,"column":50},"end":{"line":68,"column":57}}],"line":68},"7":{"loc":{"start":{"line":72,"column":22},"end":{"line":72,"column":52}},"type":"binary-expr","locations":[{"start":{"line":72,"column":22},"end":{"line":72,"column":26}},{"start":{"line":72,"column":30},"end":{"line":72,"column":52}}],"line":72},"8":{"loc":{"start":{"line":75,"column":8},"end":{"line":78,"column":9}},"type":"if","locations":[{"start":{"line":75,"column":8},"end":{"line":78,"column":9}},{"start":{},"end":{}}],"line":75},"9":{"loc":{"start":{"line":75,"column":12},"end":{"line":75,"column":31}},"type":"binary-expr","locations":[{"start":{"line":75,"column":12},"end":{"line":75,"column":17}},{"start":{"line":75,"column":21},"end":{"line":75,"column":31}}],"line":75},"10":{"loc":{"start":{"line":76,"column":23},"end":{"line":76,"column":39}},"type":"binary-expr","locations":[{"start":{"line":76,"column":23},"end":{"line":76,"column":33}},{"start":{"line":76,"column":37},"end":{"line":76,"column":39}}],"line":76},"11":{"loc":{"start":{"line":81,"column":8},"end":{"line":95,"column":9}},"type":"if","locations":[{"start":{"line":81,"column":8},"end":{"line":95,"column":9}},{"start":{},"end":{}}],"line":81},"12":{"loc":{"start":{"line":81,"column":12},"end":{"line":81,"column":50}},"type":"binary-expr","locations":[{"start":{"line":81,"column":12},"end":{"line":81,"column":25}},{"start":{"line":81,"column":29},"end":{"line":81,"column":50}}],"line":81},"13":{"loc":{"start":{"line":86,"column":10},"end":{"line":88,"column":11}},"type":"if","locations":[{"start":{"line":86,"column":10},"end":{"line":88,"column":11}},{"start":{},"end":{}}],"line":86},"14":{"loc":{"start":{"line":91,"column":10},"end":{"line":94,"column":11}},"type":"if","locations":[{"start":{"line":91,"column":10},"end":{"line":94,"column":11}},{"start":{},"end":{}}],"line":91},"15":{"loc":{"start":{"line":91,"column":14},"end":{"line":91,"column":101}},"type":"binary-expr","locations":[{"start":{"line":91,"column":14},"end":{"line":91,"column":52}},{"start":{"line":91,"column":56},"end":{"line":91,"column":101}}],"line":91},"16":{"loc":{"start":{"line":98,"column":8},"end":{"line":105,"column":9}},"type":"if","locations":[{"start":{"line":98,"column":8},"end":{"line":105,"column":9}},{"start":{},"end":{}}],"line":98},"17":{"loc":{"start":{"line":98,"column":12},"end":{"line":98,"column":47}},"type":"binary-expr","locations":[{"start":{"line":98,"column":12},"end":{"line":98,"column":25}},{"start":{"line":98,"column":29},"end":{"line":98,"column":47}}],"line":98},"18":{"loc":{"start":{"line":101,"column":12},"end":{"line":103,"column":13}},"type":"if","locations":[{"start":{"line":101,"column":12},"end":{"line":103,"column":13}},{"start":{},"end":{}}],"line":101},"19":{"loc":{"start":{"line":126,"column":2},"end":{"line":129,"column":3}},"type":"if","locations":[{"start":{"line":126,"column":2},"end":{"line":129,"column":3}},{"start":{},"end":{}}],"line":126},"20":{"loc":{"start":{"line":135,"column":18},"end":{"line":135,"column":55}},"type":"binary-expr","locations":[{"start":{"line":135,"column":18},"end":{"line":135,"column":38}},{"start":{"line":135,"column":42},"end":{"line":135,"column":55}}],"line":135},"21":{"loc":{"start":{"line":154,"column":2},"end":{"line":156,"column":3}},"type":"if","locations":[{"start":{"line":154,"column":2},"end":{"line":156,"column":3}},{"start":{},"end":{}}],"line":154},"22":{"loc":{"start":{"line":175,"column":33},"end":{"line":175,"column":93}},"type":"default-arg","locations":[{"start":{"line":175,"column":91},"end":{"line":175,"column":93}}],"line":175},"23":{"loc":{"start":{"line":175,"column":35},"end":{"line":175,"column":44}},"type":"default-arg","locations":[{"start":{"line":175,"column":42},"end":{"line":175,"column":44}}],"line":175},"24":{"loc":{"start":{"line":175,"column":46},"end":{"line":175,"column":57}},"type":"default-arg","locations":[{"start":{"line":175,"column":53},"end":{"line":175,"column":57}}],"line":175},"25":{"loc":{"start":{"line":175,"column":59},"end":{"line":175,"column":69}},"type":"default-arg","locations":[{"start":{"line":175,"column":67},"end":{"line":175,"column":69}}],"line":175},"26":{"loc":{"start":{"line":175,"column":71},"end":{"line":175,"column":86}},"type":"default-arg","locations":[{"start":{"line":175,"column":79},"end":{"line":175,"column":86}}],"line":175},"27":{"loc":{"start":{"line":176,"column":2},"end":{"line":179,"column":3}},"type":"if","locations":[{"start":{"line":176,"column":2},"end":{"line":179,"column":3}},{"start":{},"end":{}}],"line":176},"28":{"loc":{"start":{"line":185,"column":6},"end":{"line":187,"column":7}},"type":"if","locations":[{"start":{"line":185,"column":6},"end":{"line":187,"column":7}},{"start":{},"end":{}}],"line":185},"29":{"loc":{"start":{"line":195,"column":6},"end":{"line":197,"column":7}},"type":"if","locations":[{"start":{"line":195,"column":6},"end":{"line":197,"column":7}},{"start":{},"end":{}}],"line":195},"30":{"loc":{"start":{"line":220,"column":33},"end":{"line":220,"column":92}},"type":"default-arg","locations":[{"start":{"line":220,"column":90},"end":{"line":220,"column":92}}],"line":220},"31":{"loc":{"start":{"line":220,"column":35},"end":{"line":220,"column":44}},"type":"default-arg","locations":[{"start":{"line":220,"column":42},"end":{"line":220,"column":44}}],"line":220},"32":{"loc":{"start":{"line":220,"column":46},"end":{"line":220,"column":57}},"type":"default-arg","locations":[{"start":{"line":220,"column":53},"end":{"line":220,"column":57}}],"line":220},"33":{"loc":{"start":{"line":220,"column":59},"end":{"line":220,"column":69}},"type":"default-arg","locations":[{"start":{"line":220,"column":67},"end":{"line":220,"column":69}}],"line":220},"34":{"loc":{"start":{"line":220,"column":71},"end":{"line":220,"column":85}},"type":"default-arg","locations":[{"start":{"line":220,"column":79},"end":{"line":220,"column":85}}],"line":220},"35":{"loc":{"start":{"line":221,"column":2},"end":{"line":224,"column":3}},"type":"if","locations":[{"start":{"line":221,"column":2},"end":{"line":224,"column":3}},{"start":{},"end":{}}],"line":221},"36":{"loc":{"start":{"line":230,"column":6},"end":{"line":232,"column":7}},"type":"if","locations":[{"start":{"line":230,"column":6},"end":{"line":232,"column":7}},{"start":{},"end":{}}],"line":230},"37":{"loc":{"start":{"line":240,"column":6},"end":{"line":242,"column":7}},"type":"if","locations":[{"start":{"line":240,"column":6},"end":{"line":242,"column":7}},{"start":{},"end":{}}],"line":240},"38":{"loc":{"start":{"line":262,"column":2},"end":{"line":313,"column":3}},"type":"if","locations":[{"start":{"line":262,"column":2},"end":{"line":313,"column":3}},{"start":{},"end":{}}],"line":262},"39":{"loc":{"start":{"line":262,"column":6},"end":{"line":262,"column":94}},"type":"binary-expr","locations":[{"start":{"line":262,"column":6},"end":{"line":262,"column":43}},{"start":{"line":262,"column":47},"end":{"line":262,"column":94}}],"line":262},"40":{"loc":{"start":{"line":285,"column":17},"end":{"line":285,"column":77}},"type":"cond-expr","locations":[{"start":{"line":285,"column":58},"end":{"line":285,"column":65}},{"start":{"line":285,"column":68},"end":{"line":285,"column":77}}],"line":285}},"s":{"0":5,"1":5,"2":5,"3":5,"4":5,"5":5,"6":0,"7":0,"8":5,"9":0,"10":0,"11":0,"12":0,"13":0,"14":0,"15":0,"16":0,"17":0,"18":0,"19":0,"20":0,"21":0,"22":0,"23":0,"24":0,"25":0,"26":0,"27":0,"28":0,"29":0,"30":0,"31":0,"32":0,"33":0,"34":0,"35":0,"36":0,"37":0,"38":0,"39":0,"40":0,"41":0,"42":0,"43":5,"44":0,"45":0,"46":0,"47":0,"48":0,"49":0,"50":0,"51":0,"52":0,"53":5,"54":0,"55":0,"56":0,"57":0,"58":0,"59":0,"60":0,"61":0,"62":0,"63":5,"64":0,"65":0,"66":0,"67":0,"68":0,"69":0,"70":0,"71":0,"72":0,"73":0,"74":0,"75":0,"76":0,"77":0,"78":0,"79":5,"80":0,"81":0,"82":0,"83":0,"84":0,"85":0,"86":0,"87":0,"88":0,"89":0,"90":0,"91":0,"92":0,"93":0,"94":0,"95":5,"96":0,"97":0,"98":0,"99":0,"100":0,"101":0,"102":0,"103":0,"104":0,"105":0,"106":0,"107":0,"108":5},"f":{"0":0,"1":0,"2":0,"3":0,"4":0,"5":0,"6":0,"7":0,"8":0,"9":0,"10":0,"11":0,"12":0,"13":0,"14":0,"15":0,"16":0,"17":0},"b":{"0":[0,0],"1":[0,0],"2":[0,0],"3":[0,0],"4":[0,0],"5":[0,0],"6":[0,0],"7":[0,0],"8":[0,0],"9":[0,0],"10":[0,0],"11":[0,0],"12":[0,0],"13":[0,0],"14":[0,0],"15":[0,0],"16":[0,0],"17":[0,0],"18":[0,0],"19":[0,0],"20":[0,0],"21":[0,0],"22":[0],"23":[0],"24":[0],"25":[0],"26":[0],"27":[0,0],"28":[0,0],"29":[0,0],"30":[0],"31":[0],"32":[0],"33":[0],"34":[0],"35":[0,0],"36":[0,0],"37":[0,0],"38":[0,0],"39":[0,0],"40":[0,0]},"_coverageSchema":"1a1c01bbd47fc00a2c39e90264f33305004495a9","hash":"300ba658f565a6efb36616685af51825eaa35442"}
,"C:\\Users\\user\\bot_bot\\backend\\src\\config\\telegram.js": {"path":"C:\\Users\\user\\bot_bot\\backend\\src\\config\\telegram.js","statementMap":{"0":{"start":{"line":5,"column":20},"end":{"line":5,"column":52}},"1":{"start":{"line":6,"column":15},"end":{"line":6,"column":41}},"2":{"start":{"line":9,"column":14},"end":{"line":9,"column":44}},"3":{"start":{"line":10,"column":10},"end":{"line":10,"column":14}},"4":{"start":{"line":15,"column":22},"end":{"line":66,"column":1}},"5":{"start":{"line":16,"column":2},"end":{"line":65,"column":3}},"6":{"start":{"line":18,"column":4},"end":{"line":21,"column":5}},"7":{"start":{"line":19,"column":6},"end":{"line":19,"column":82}},"8":{"start":{"line":20,"column":6},"end":{"line":20,"column":18}},"9":{"start":{"line":23,"column":4},"end":{"line":61,"column":5}},"10":{"start":{"line":25,"column":21},"end":{"line":25,"column":56}},"11":{"start":{"line":27,"column":6},"end":{"line":30,"column":7}},"12":{"start":{"line":28,"column":8},"end":{"line":28,"column":78}},"13":{"start":{"line":29,"column":8},"end":{"line":29,"column":20}},"14":{"start":{"line":32,"column":26},"end":{"line":32,"column":54}},"15":{"start":{"line":33,"column":25},"end":{"line":33,"column":50}},"16":{"start":{"line":36,"column":6},"end":{"line":36,"column":35}},"17":{"start":{"line":39,"column":6},"end":{"line":41,"column":86}},"18":{"start":{"line":40,"column":20},"end":{"line":40,"column":72}},"19":{"start":{"line":41,"column":22},"end":{"line":41,"column":84}},"20":{"start":{"line":43,"column":6},"end":{"line":46,"column":8}},"21":{"start":{"line":49,"column":6},"end":{"line":49,"column":54}},"22":{"start":{"line":50,"column":6},"end":{"line":50,"column":58}},"23":{"start":{"line":53,"column":6},"end":{"line":55,"column":9}},"24":{"start":{"line":54,"column":8},"end":{"line":54,"column":65}},"25":{"start":{"line":57,"column":6},"end":{"line":60,"column":8}},"26":{"start":{"line":63,"column":4},"end":{"line":63,"column":70}},"27":{"start":{"line":64,"column":4},"end":{"line":64,"column":16}},"28":{"start":{"line":75,"column":20},"end":{"line":87,"column":1}},"29":{"start":{"line":76,"column":2},"end":{"line":86,"column":3}},"30":{"start":{"line":77,"column":4},"end":{"line":80,"column":5}},"31":{"start":{"line":78,"column":6},"end":{"line":78,"column":72}},"32":{"start":{"line":79,"column":6},"end":{"line":79,"column":18}},"33":{"start":{"line":82,"column":4},"end":{"line":82,"column":56}},"34":{"start":{"line":84,"column":4},"end":{"line":84,"column":69}},"35":{"start":{"line":85,"column":4},"end":{"line":85,"column":16}},"36":{"start":{"line":95,"column":36},"end":{"line":111,"column":1}},"37":{"start":{"line":96,"column":2},"end":{"line":96,"column":47}},"38":{"start":{"line":96,"column":35},"end":{"line":96,"column":47}},"39":{"start":{"line":98,"column":15},"end":{"line":101,"column":80}},"40":{"start":{"line":103,"column":2},"end":{"line":110,"column":5}},"41":{"start":{"line":120,"column":36},"end":{"line":149,"column":1}},"42":{"start":{"line":121,"column":2},"end":{"line":121,"column":44}},"43":{"start":{"line":121,"column":32},"end":{"line":121,"column":44}},"44":{"start":{"line":123,"column":19},"end":{"line":123,"column":21}},"45":{"start":{"line":124,"column":2},"end":{"line":136,"column":3}},"46":{"start":{"line":126,"column":6},"end":{"line":126,"column":29}},"47":{"start":{"line":127,"column":6},"end":{"line":127,"column":12}},"48":{"start":{"line":129,"column":6},"end":{"line":129,"column":31}},"49":{"start":{"line":130,"column":6},"end":{"line":130,"column":12}},"50":{"start":{"line":132,"column":6},"end":{"line":132,"column":27}},"51":{"start":{"line":133,"column":6},"end":{"line":133,"column":12}},"52":{"start":{"line":135,"column":6},"end":{"line":135,"column":27}},"53":{"start":{"line":138,"column":15},"end":{"line":139,"column":63}},"54":{"start":{"line":141,"column":2},"end":{"line":148,"column":5}},"55":{"start":{"line":157,"column":35},"end":{"line":196,"column":1}},"56":{"start":{"line":158,"column":2},"end":{"line":195,"column":3}},"57":{"start":{"line":159,"column":4},"end":{"line":162,"column":5}},"58":{"start":{"line":160,"column":6},"end":{"line":160,"column":78}},"59":{"start":{"line":161,"column":6},"end":{"line":161,"column":18}},"60":{"start":{"line":165,"column":22},"end":{"line":165,"column":53}},"61":{"start":{"line":167,"column":4},"end":{"line":170,"column":5}},"62":{"start":{"line":168,"column":6},"end":{"line":168,"column":80}},"63":{"start":{"line":169,"column":6},"end":{"line":169,"column":18}},"64":{"start":{"line":173,"column":17},"end":{"line":178,"column":44}},"65":{"start":{"line":181,"column":19},"end":{"line":188,"column":6}},"66":{"start":{"line":190,"column":4},"end":{"line":190,"column":100}},"67":{"start":{"line":191,"column":4},"end":{"line":191,"column":18}},"68":{"start":{"line":193,"column":4},"end":{"line":193,"column":78}},"69":{"start":{"line":194,"column":4},"end":{"line":194,"column":16}},"70":{"start":{"line":204,"column":36},"end":{"line":242,"column":1}},"71":{"start":{"line":205,"column":2},"end":{"line":241,"column":3}},"72":{"start":{"line":206,"column":4},"end":{"line":209,"column":5}},"73":{"start":{"line":207,"column":6},"end":{"line":207,"column":78}},"74":{"start":{"line":208,"column":6},"end":{"line":208,"column":18}},"75":{"start":{"line":212,"column":22},"end":{"line":212,"column":53}},"76":{"start":{"line":214,"column":4},"end":{"line":217,"column":5}},"77":{"start":{"line":215,"column":6},"end":{"line":215,"column":80}},"78":{"start":{"line":216,"column":6},"end":{"line":216,"column":18}},"79":{"start":{"line":220,"column":17},"end":{"line":224,"column":68}},"80":{"start":{"line":227,"column":19},"end":{"line":234,"column":6}},"81":{"start":{"line":236,"column":4},"end":{"line":236,"column":100}},"82":{"start":{"line":237,"column":4},"end":{"line":237,"column":18}},"83":{"start":{"line":239,"column":4},"end":{"line":239,"column":78}},"84":{"start":{"line":240,"column":4},"end":{"line":240,"column":16}},"85":{"start":{"line":250,"column":36},"end":{"line":310,"column":1}},"86":{"start":{"line":251,"column":2},"end":{"line":309,"column":3}},"87":{"start":{"line":252,"column":4},"end":{"line":255,"column":5}},"88":{"start":{"line":253,"column":6},"end":{"line":253,"column":78}},"89":{"start":{"line":254,"column":6},"end":{"line":254,"column":18}},"90":{"start":{"line":258,"column":22},"end":{"line":258,"column":53}},"91":{"start":{"line":260,"column":4},"end":{"line":263,"column":5}},"92":{"start":{"line":261,"column":6},"end":{"line":261,"column":80}},"93":{"start":{"line":262,"column":6},"end":{"line":262,"column":18}},"94":{"start":{"line":266,"column":20},"end":{"line":266,"column":22}},"95":{"start":{"line":267,"column":4},"end":{"line":279,"column":5}},"96":{"start":{"line":269,"column":8},"end":{"line":269,"column":31}},"97":{"start":{"line":270,"column":8},"end":{"line":270,"column":14}},"98":{"start":{"line":272,"column":8},"end":{"line":272,"column":33}},"99":{"start":{"line":273,"column":8},"end":{"line":273,"column":14}},"100":{"start":{"line":275,"column":8},"end":{"line":275,"column":29}},"101":{"start":{"line":276,"column":8},"end":{"line":276,"column":14}},"102":{"start":{"line":278,"column":8},"end":{"line":278,"column":33}},"103":{"start":{"line":282,"column":26},"end":{"line":282,"column":28}},"104":{"start":{"line":283,"column":4},"end":{"line":286,"column":7}},"105":{"start":{"line":284,"column":20},"end":{"line":284,"column":66}},"106":{"start":{"line":285,"column":6},"end":{"line":285,"column":108}},"107":{"start":{"line":289,"column":17},"end":{"line":291,"column":42}},"108":{"start":{"line":294,"column":19},"end":{"line":302,"column":6}},"109":{"start":{"line":304,"column":4},"end":{"line":304,"column":100}},"110":{"start":{"line":305,"column":4},"end":{"line":305,"column":18}},"111":{"start":{"line":307,"column":4},"end":{"line":307,"column":78}},"112":{"start":{"line":308,"column":4},"end":{"line":308,"column":16}},"113":{"start":{"line":313,"column":0},"end":{"line":321,"column":2}}},"fnMap":{"0":{"name":"(anonymous_0)","decl":{"start":{"line":15,"column":22},"end":{"line":15,"column":23}},"loc":{"start":{"line":15,"column":28},"end":{"line":66,"column":1}},"line":15},"1":{"name":"(anonymous_1)","decl":{"start":{"line":40,"column":14},"end":{"line":40,"column":15}},"loc":{"start":{"line":40,"column":20},"end":{"line":40,"column":72}},"line":40},"2":{"name":"(anonymous_2)","decl":{"start":{"line":41,"column":15},"end":{"line":41,"column":16}},"loc":{"start":{"line":41,"column":22},"end":{"line":41,"column":84}},"line":41},"3":{"name":"(anonymous_3)","decl":{"start":{"line":53,"column":30},"end":{"line":53,"column":31}},"loc":{"start":{"line":53,"column":41},"end":{"line":55,"column":7}},"line":53},"4":{"name":"(anonymous_4)","decl":{"start":{"line":75,"column":20},"end":{"line":75,"column":21}},"loc":{"start":{"line":75,"column":58},"end":{"line":87,"column":1}},"line":75},"5":{"name":"(anonymous_5)","decl":{"start":{"line":95,"column":36},"end":{"line":95,"column":37}},"loc":{"start":{"line":95,"column":71},"end":{"line":111,"column":1}},"line":95},"6":{"name":"(anonymous_6)","decl":{"start":{"line":120,"column":36},"end":{"line":120,"column":37}},"loc":{"start":{"line":120,"column":76},"end":{"line":149,"column":1}},"line":120},"7":{"name":"(anonymous_7)","decl":{"start":{"line":157,"column":35},"end":{"line":157,"column":36}},"loc":{"start":{"line":157,"column":63},"end":{"line":196,"column":1}},"line":157},"8":{"name":"(anonymous_8)","decl":{"start":{"line":204,"column":36},"end":{"line":204,"column":37}},"loc":{"start":{"line":204,"column":65},"end":{"line":242,"column":1}},"line":204},"9":{"name":"(anonymous_9)","decl":{"start":{"line":250,"column":36},"end":{"line":250,"column":37}},"loc":{"start":{"line":250,"column":76},"end":{"line":310,"column":1}},"line":250},"10":{"name":"(anonymous_10)","decl":{"start":{"line":283,"column":24},"end":{"line":283,"column":25}},"loc":{"start":{"line":283,"column":41},"end":{"line":286,"column":5}},"line":283}},"branchMap":{"0":{"loc":{"start":{"line":18,"column":4},"end":{"line":21,"column":5}},"type":"if","locations":[{"start":{"line":18,"column":4},"end":{"line":21,"column":5}},{"start":{},"end":{}}],"line":18},"1":{"loc":{"start":{"line":23,"column":4},"end":{"line":61,"column":5}},"type":"if","locations":[{"start":{"line":23,"column":4},"end":{"line":61,"column":5}},{"start":{"line":47,"column":11},"end":{"line":61,"column":5}}],"line":23},"2":{"loc":{"start":{"line":27,"column":6},"end":{"line":30,"column":7}},"type":"if","locations":[{"start":{"line":27,"column":6},"end":{"line":30,"column":7}},{"start":{},"end":{}}],"line":27},"3":{"loc":{"start":{"line":75,"column":41},"end":{"line":75,"column":53}},"type":"default-arg","locations":[{"start":{"line":75,"column":51},"end":{"line":75,"column":53}}],"line":75},"4":{"loc":{"start":{"line":77,"column":4},"end":{"line":80,"column":5}},"type":"if","locations":[{"start":{"line":77,"column":4},"end":{"line":80,"column":5}},{"start":{},"end":{}}],"line":77},"5":{"loc":{"start":{"line":96,"column":2},"end":{"line":96,"column":47}},"type":"if","locations":[{"start":{"line":96,"column":2},"end":{"line":96,"column":47}},{"start":{},"end":{}}],"line":96},"6":{"loc":{"start":{"line":96,"column":6},"end":{"line":96,"column":33}},"type":"binary-expr","locations":[{"start":{"line":96,"column":6},"end":{"line":96,"column":17}},{"start":{"line":96,"column":21},"end":{"line":96,"column":33}}],"line":96},"7":{"loc":{"start":{"line":121,"column":2},"end":{"line":121,"column":44}},"type":"if","locations":[{"start":{"line":121,"column":2},"end":{"line":121,"column":44}},{"start":{},"end":{}}],"line":121},"8":{"loc":{"start":{"line":121,"column":6},"end":{"line":121,"column":30}},"type":"binary-expr","locations":[{"start":{"line":121,"column":6},"end":{"line":121,"column":17}},{"start":{"line":121,"column":21},"end":{"line":121,"column":30}}],"line":121},"9":{"loc":{"start":{"line":124,"column":2},"end":{"line":136,"column":3}},"type":"switch","locations":[{"start":{"line":125,"column":4},"end":{"line":127,"column":12}},{"start":{"line":128,"column":4},"end":{"line":130,"column":12}},{"start":{"line":131,"column":4},"end":{"line":133,"column":12}},{"start":{"line":134,"column":4},"end":{"line":135,"column":27}}],"line":124},"10":{"loc":{"start":{"line":159,"column":4},"end":{"line":162,"column":5}},"type":"if","locations":[{"start":{"line":159,"column":4},"end":{"line":162,"column":5}},{"start":{},"end":{}}],"line":159},"11":{"loc":{"start":{"line":167,"column":4},"end":{"line":170,"column":5}},"type":"if","locations":[{"start":{"line":167,"column":4},"end":{"line":170,"column":5}},{"start":{},"end":{}}],"line":167},"12":{"loc":{"start":{"line":174,"column":37},"end":{"line":174,"column":56}},"type":"binary-expr","locations":[{"start":{"line":174,"column":37},"end":{"line":174,"column":50}},{"start":{"line":174,"column":54},"end":{"line":174,"column":56}}],"line":174},"13":{"loc":{"start":{"line":206,"column":4},"end":{"line":209,"column":5}},"type":"if","locations":[{"start":{"line":206,"column":4},"end":{"line":209,"column":5}},{"start":{},"end":{}}],"line":206},"14":{"loc":{"start":{"line":214,"column":4},"end":{"line":217,"column":5}},"type":"if","locations":[{"start":{"line":214,"column":4},"end":{"line":217,"column":5}},{"start":{},"end":{}}],"line":214},"15":{"loc":{"start":{"line":221,"column":36},"end":{"line":221,"column":55}},"type":"binary-expr","locations":[{"start":{"line":221,"column":36},"end":{"line":221,"column":49}},{"start":{"line":221,"column":53},"end":{"line":221,"column":55}}],"line":221},"16":{"loc":{"start":{"line":250,"column":56},"end":{"line":250,"column":71}},"type":"default-arg","locations":[{"start":{"line":250,"column":63},"end":{"line":250,"column":71}}],"line":250},"17":{"loc":{"start":{"line":252,"column":4},"end":{"line":255,"column":5}},"type":"if","locations":[{"start":{"line":252,"column":4},"end":{"line":255,"column":5}},{"start":{},"end":{}}],"line":252},"18":{"loc":{"start":{"line":260,"column":4},"end":{"line":263,"column":5}},"type":"if","locations":[{"start":{"line":260,"column":4},"end":{"line":263,"column":5}},{"start":{},"end":{}}],"line":260},"19":{"loc":{"start":{"line":267,"column":4},"end":{"line":279,"column":5}},"type":"switch","locations":[{"start":{"line":268,"column":6},"end":{"line":270,"column":14}},{"start":{"line":271,"column":6},"end":{"line":273,"column":14}},{"start":{"line":274,"column":6},"end":{"line":276,"column":14}},{"start":{"line":277,"column":6},"end":{"line":278,"column":33}}],"line":267},"20":{"loc":{"start":{"line":284,"column":20},"end":{"line":284,"column":66}},"type":"cond-expr","locations":[{"start":{"line":284,"column":34},"end":{"line":284,"column":38}},{"start":{"line":284,"column":41},"end":{"line":284,"column":66}}],"line":284},"21":{"loc":{"start":{"line":284,"column":41},"end":{"line":284,"column":66}},"type":"cond-expr","locations":[{"start":{"line":284,"column":55},"end":{"line":284,"column":59}},{"start":{"line":284,"column":62},"end":{"line":284,"column":66}}],"line":284},"22":{"loc":{"start":{"line":285,"column":58},"end":{"line":285,"column":77}},"type":"binary-expr","locations":[{"start":{"line":285,"column":58},"end":{"line":285,"column":71}},{"start":{"line":285,"column":75},"end":{"line":285,"column":77}}],"line":285}},"s":{"0":5,"1":5,"2":5,"3":5,"4":5,"5":0,"6":0,"7":0,"8":0,"9":0,"10":0,"11":0,"12":0,"13":0,"14":0,"15":0,"16":0,"17":0,"18":0,"19":0,"20":0,"21":0,"22":0,"23":0,"24":0,"25":0,"26":0,"27":0,"28":5,"29":0,"30":0,"31":0,"32":0,"33":0,"34":0,"35":0,"36":5,"37":0,"38":0,"39":0,"40":0,"41":5,"42":0,"43":0,"44":0,"45":0,"46":0,"47":0,"48":0,"49":0,"50":0,"51":0,"52":0,"53":0,"54":0,"55":5,"56":0,"57":0,"58":0,"59":0,"60":0,"61":0,"62":0,"63":0,"64":0,"65":0,"66":0,"67":0,"68":0,"69":0,"70":5,"71":0,"72":0,"73":0,"74":0,"75":0,"76":0,"77":0,"78":0,"79":0,"80":0,"81":0,"82":0,"83":0,"84":0,"85":5,"86":0,"87":0,"88":0,"89":0,"90":0,"91":0,"92":0,"93":0,"94":0,"95":0,"96":0,"97":0,"98":0,"99":0,"100":0,"101":0,"102":0,"103":0,"104":0,"105":0,"106":0,"107":0,"108":0,"109":0,"110":0,"111":0,"112":0,"113":5},"f":{"0":0,"1":0,"2":0,"3":0,"4":0,"5":0,"6":0,"7":0,"8":0,"9":0,"10":0},"b":{"0":[0,0],"1":[0,0],"2":[0,0],"3":[0],"4":[0,0],"5":[0,0],"6":[0,0],"7":[0,0],"8":[0,0],"9":[0,0,0,0],"10":[0,0],"11":[0,0],"12":[0,0],"13":[0,0],"14":[0,0],"15":[0,0],"16":[0],"17":[0,0],"18":[0,0],"19":[0,0,0,0],"20":[0,0],"21":[0,0],"22":[0,0]},"_coverageSchema":"1a1c01bbd47fc00a2c39e90264f33305004495a9","hash":"211b5b0f41592daafa690879cfcec83f117b7835"}
,"C:\\Users\\user\\bot_bot\\backend\\src\\controllers\\adminController.js": {"path":"C:\\Users\\user\\bot_bot\\backend\\src\\controllers\\adminController.js","statementMap":{"0":{"start":{"line":4,"column":37},"end":{"line":4,"column":57}},"1":{"start":{"line":5,"column":15},"end":{"line":5,"column":41}},"2":{"start":{"line":6,"column":21},"end":{"line":6,"column":56}},"3":{"start":{"line":7,"column":27},"end":{"line":7,"column":68}},"4":{"start":{"line":8,"column":15},"end":{"line":8,"column":32}},"5":{"start":{"line":13,"column":0},"end":{"line":54,"column":2}},"6":{"start":{"line":14,"column":2},"end":{"line":53,"column":3}},"7":{"start":{"line":16,"column":24},"end":{"line":16,"column":59}},"8":{"start":{"line":18,"column":4},"end":{"line":23,"column":5}},"9":{"start":{"line":19,"column":6},"end":{"line":22,"column":9}},"10":{"start":{"line":26,"column":24},"end":{"line":29,"column":78}},"11":{"start":{"line":32,"column":24},"end":{"line":36,"column":78}},"12":{"start":{"line":38,"column":4},"end":{"line":46,"column":7}},"13":{"start":{"line":48,"column":4},"end":{"line":48,"column":68}},"14":{"start":{"line":49,"column":4},"end":{"line":52,"column":7}},"15":{"start":{"line":59,"column":0},"end":{"line":111,"column":2}},"16":{"start":{"line":60,"column":2},"end":{"line":110,"column":3}},"17":{"start":{"line":61,"column":17},"end":{"line":61,"column":46}},"18":{"start":{"line":62,"column":18},"end":{"line":62,"column":49}},"19":{"start":{"line":63,"column":17},"end":{"line":63,"column":35}},"20":{"start":{"line":66,"column":18},"end":{"line":66,"column":20}},"21":{"start":{"line":68,"column":4},"end":{"line":70,"column":5}},"22":{"start":{"line":69,"column":6},"end":{"line":69,"column":46}},"23":{"start":{"line":72,"column":4},"end":{"line":74,"column":5}},"24":{"start":{"line":73,"column":6},"end":{"line":73,"column":42}},"25":{"start":{"line":76,"column":4},"end":{"line":81,"column":5}},"26":{"start":{"line":77,"column":6},"end":{"line":80,"column":8}},"27":{"start":{"line":84,"column":18},"end":{"line":84,"column":51}},"28":{"start":{"line":87,"column":20},"end":{"line":91,"column":77}},"29":{"start":{"line":93,"column":4},"end":{"line":103,"column":7}},"30":{"start":{"line":105,"column":4},"end":{"line":105,"column":65}},"31":{"start":{"line":106,"column":4},"end":{"line":109,"column":7}},"32":{"start":{"line":116,"column":0},"end":{"line":161,"column":2}},"33":{"start":{"line":117,"column":2},"end":{"line":160,"column":3}},"34":{"start":{"line":118,"column":80},"end":{"line":118,"column":88}},"35":{"start":{"line":121,"column":4},"end":{"line":126,"column":5}},"36":{"start":{"line":122,"column":6},"end":{"line":125,"column":9}},"37":{"start":{"line":129,"column":4},"end":{"line":134,"column":5}},"38":{"start":{"line":130,"column":6},"end":{"line":133,"column":9}},"39":{"start":{"line":137,"column":18},"end":{"line":145,"column":6}},"40":{"start":{"line":147,"column":4},"end":{"line":147,"column":23}},"41":{"start":{"line":149,"column":4},"end":{"line":153,"column":7}},"42":{"start":{"line":155,"column":4},"end":{"line":155,"column":59}},"43":{"start":{"line":156,"column":4},"end":{"line":159,"column":7}},"44":{"start":{"line":166,"column":0},"end":{"line":191,"column":2}},"45":{"start":{"line":167,"column":2},"end":{"line":190,"column":3}},"46":{"start":{"line":168,"column":19},"end":{"line":168,"column":29}},"47":{"start":{"line":170,"column":18},"end":{"line":170,"column":42}},"48":{"start":{"line":172,"column":4},"end":{"line":177,"column":5}},"49":{"start":{"line":173,"column":6},"end":{"line":176,"column":9}},"50":{"start":{"line":179,"column":4},"end":{"line":183,"column":7}},"51":{"start":{"line":185,"column":4},"end":{"line":185,"column":58}},"52":{"start":{"line":186,"column":4},"end":{"line":189,"column":7}},"53":{"start":{"line":196,"column":0},"end":{"line":249,"column":2}},"54":{"start":{"line":197,"column":2},"end":{"line":248,"column":3}},"55":{"start":{"line":198,"column":19},"end":{"line":198,"column":29}},"56":{"start":{"line":199,"column":80},"end":{"line":199,"column":88}},"57":{"start":{"line":202,"column":18},"end":{"line":202,"column":42}},"58":{"start":{"line":204,"column":4},"end":{"line":209,"column":5}},"59":{"start":{"line":205,"column":6},"end":{"line":208,"column":9}},"60":{"start":{"line":212,"column":4},"end":{"line":217,"column":5}},"61":{"start":{"line":213,"column":6},"end":{"line":216,"column":9}},"62":{"start":{"line":220,"column":4},"end":{"line":225,"column":5}},"63":{"start":{"line":221,"column":6},"end":{"line":224,"column":9}},"64":{"start":{"line":228,"column":4},"end":{"line":228,"column":22}},"65":{"start":{"line":229,"column":4},"end":{"line":229,"column":28}},"66":{"start":{"line":230,"column":4},"end":{"line":230,"column":40}},"67":{"start":{"line":231,"column":4},"end":{"line":231,"column":36}},"68":{"start":{"line":232,"column":4},"end":{"line":232,"column":54}},"69":{"start":{"line":233,"column":4},"end":{"line":233,"column":48}},"70":{"start":{"line":235,"column":4},"end":{"line":235,"column":23}},"71":{"start":{"line":237,"column":4},"end":{"line":241,"column":7}},"72":{"start":{"line":243,"column":4},"end":{"line":243,"column":59}},"73":{"start":{"line":244,"column":4},"end":{"line":247,"column":7}},"74":{"start":{"line":254,"column":0},"end":{"line":282,"column":2}},"75":{"start":{"line":255,"column":2},"end":{"line":281,"column":3}},"76":{"start":{"line":256,"column":19},"end":{"line":256,"column":29}},"77":{"start":{"line":259,"column":18},"end":{"line":259,"column":42}},"78":{"start":{"line":261,"column":4},"end":{"line":266,"column":5}},"79":{"start":{"line":262,"column":6},"end":{"line":265,"column":9}},"80":{"start":{"line":269,"column":4},"end":{"line":269,"column":38}},"81":{"start":{"line":271,"column":4},"end":{"line":274,"column":7}},"82":{"start":{"line":276,"column":4},"end":{"line":276,"column":59}},"83":{"start":{"line":277,"column":4},"end":{"line":280,"column":7}},"84":{"start":{"line":287,"column":0},"end":{"line":313,"column":2}},"85":{"start":{"line":288,"column":2},"end":{"line":312,"column":3}},"86":{"start":{"line":289,"column":17},"end":{"line":289,"column":46}},"87":{"start":{"line":290,"column":18},"end":{"line":290,"column":49}},"88":{"start":{"line":291,"column":17},"end":{"line":291,"column":35}},"89":{"start":{"line":293,"column":18},"end":{"line":297,"column":19}},"90":{"start":{"line":299,"column":18},"end":{"line":299,"column":45}},"91":{"start":{"line":301,"column":4},"end":{"line":308,"column":7}},"92":{"start":{"line":310,"column":4},"end":{"line":310,"column":48}},"93":{"start":{"line":311,"column":4},"end":{"line":311,"column":61}},"94":{"start":{"line":318,"column":0},"end":{"line":347,"column":2}},"95":{"start":{"line":319,"column":2},"end":{"line":346,"column":3}},"96":{"start":{"line":320,"column":19},"end":{"line":320,"column":32}},"97":{"start":{"line":322,"column":17},"end":{"line":322,"column":64}},"98":{"start":{"line":324,"column":4},"end":{"line":326,"column":5}},"99":{"start":{"line":325,"column":6},"end":{"line":325,"column":65}},"100":{"start":{"line":329,"column":24},"end":{"line":329,"column":76}},"101":{"start":{"line":330,"column":18},"end":{"line":330,"column":60}},"102":{"start":{"line":332,"column":25},"end":{"line":334,"column":9}},"103":{"start":{"line":333,"column":36},"end":{"line":333,"column":52}},"104":{"start":{"line":336,"column":26},"end":{"line":340,"column":5}},"105":{"start":{"line":342,"column":4},"end":{"line":342,"column":40}},"106":{"start":{"line":344,"column":4},"end":{"line":344,"column":53}},"107":{"start":{"line":345,"column":4},"end":{"line":345,"column":68}},"108":{"start":{"line":352,"column":0},"end":{"line":386,"column":2}},"109":{"start":{"line":353,"column":2},"end":{"line":385,"column":3}},"110":{"start":{"line":354,"column":19},"end":{"line":354,"column":29}},"111":{"start":{"line":355,"column":24},"end":{"line":355,"column":32}},"112":{"start":{"line":358,"column":17},"end":{"line":358,"column":40}},"113":{"start":{"line":360,"column":4},"end":{"line":365,"column":5}},"114":{"start":{"line":361,"column":6},"end":{"line":364,"column":9}},"115":{"start":{"line":368,"column":4},"end":{"line":370,"column":5}},"116":{"start":{"line":369,"column":6},"end":{"line":369,"column":29}},"117":{"start":{"line":372,"column":4},"end":{"line":372,"column":22}},"118":{"start":{"line":374,"column":4},"end":{"line":378,"column":7}},"119":{"start":{"line":380,"column":4},"end":{"line":380,"column":58}},"120":{"start":{"line":381,"column":4},"end":{"line":384,"column":7}},"121":{"start":{"line":391,"column":0},"end":{"line":440,"column":2}},"122":{"start":{"line":392,"column":2},"end":{"line":439,"column":3}},"123":{"start":{"line":393,"column":24},"end":{"line":393,"column":59}},"124":{"start":{"line":395,"column":4},"end":{"line":400,"column":5}},"125":{"start":{"line":396,"column":6},"end":{"line":399,"column":9}},"126":{"start":{"line":403,"column":25},"end":{"line":403,"column":53}},"127":{"start":{"line":406,"column":29},"end":{"line":408,"column":6}},"128":{"start":{"line":411,"column":27},"end":{"line":413,"column":6}},"129":{"start":{"line":416,"column":4},"end":{"line":426,"column":6}},"130":{"start":{"line":419,"column":8},"end":{"line":419,"column":35}},"131":{"start":{"line":420,"column":8},"end":{"line":420,"column":19}},"132":{"start":{"line":423,"column":8},"end":{"line":423,"column":35}},"133":{"start":{"line":424,"column":8},"end":{"line":424,"column":19}},"134":{"start":{"line":428,"column":4},"end":{"line":432,"column":7}},"135":{"start":{"line":434,"column":4},"end":{"line":434,"column":65}},"136":{"start":{"line":435,"column":4},"end":{"line":438,"column":7}},"137":{"start":{"line":445,"column":0},"end":{"line":478,"column":2}},"138":{"start":{"line":446,"column":2},"end":{"line":477,"column":3}},"139":{"start":{"line":447,"column":19},"end":{"line":447,"column":32}},"140":{"start":{"line":448,"column":23},"end":{"line":448,"column":31}},"141":{"start":{"line":450,"column":4},"end":{"line":452,"column":5}},"142":{"start":{"line":451,"column":6},"end":{"line":451,"column":74}},"143":{"start":{"line":454,"column":17},"end":{"line":458,"column":5}},"144":{"start":{"line":460,"column":4},"end":{"line":462,"column":5}},"145":{"start":{"line":461,"column":6},"end":{"line":461,"column":65}},"146":{"start":{"line":464,"column":4},"end":{"line":464,"column":87}},"147":{"start":{"line":466,"column":4},"end":{"line":473,"column":7}},"148":{"start":{"line":475,"column":4},"end":{"line":475,"column":55}},"149":{"start":{"line":476,"column":4},"end":{"line":476,"column":70}},"150":{"start":{"line":483,"column":0},"end":{"line":517,"column":2}},"151":{"start":{"line":484,"column":2},"end":{"line":516,"column":3}},"152":{"start":{"line":485,"column":19},"end":{"line":485,"column":29}},"153":{"start":{"line":488,"column":25},"end":{"line":488,"column":62}},"154":{"start":{"line":491,"column":17},"end":{"line":491,"column":40}},"155":{"start":{"line":493,"column":4},"end":{"line":498,"column":5}},"156":{"start":{"line":494,"column":6},"end":{"line":497,"column":9}},"157":{"start":{"line":501,"column":4},"end":{"line":501,"column":37}},"158":{"start":{"line":502,"column":4},"end":{"line":502,"column":22}},"159":{"start":{"line":505,"column":4},"end":{"line":509,"column":7}},"160":{"start":{"line":511,"column":4},"end":{"line":511,"column":68}},"161":{"start":{"line":512,"column":4},"end":{"line":515,"column":7}},"162":{"start":{"line":522,"column":0},"end":{"line":584,"column":2}},"163":{"start":{"line":523,"column":2},"end":{"line":583,"column":3}},"164":{"start":{"line":525,"column":23},"end":{"line":525,"column":57}},"165":{"start":{"line":528,"column":24},"end":{"line":531,"column":6}},"166":{"start":{"line":534,"column":18},"end":{"line":534,"column":28}},"167":{"start":{"line":535,"column":4},"end":{"line":535,"column":31}},"168":{"start":{"line":537,"column":23},"end":{"line":539,"column":6}},"169":{"start":{"line":542,"column":28},"end":{"line":542,"column":63}},"170":{"start":{"line":543,"column":25},"end":{"line":545,"column":9}},"171":{"start":{"line":544,"column":46},"end":{"line":544,"column":62}},"172":{"start":{"line":548,"column":24},"end":{"line":548,"column":26}},"173":{"start":{"line":549,"column":21},"end":{"line":549,"column":99}},"174":{"start":{"line":551,"column":4},"end":{"line":571,"column":5}},"175":{"start":{"line":551,"column":17},"end":{"line":551,"column":18}},"176":{"start":{"line":552,"column":19},"end":{"line":552,"column":29}},"177":{"start":{"line":553,"column":6},"end":{"line":553,"column":39}},"178":{"start":{"line":554,"column":6},"end":{"line":554,"column":32}},"179":{"start":{"line":556,"column":23},"end":{"line":556,"column":37}},"180":{"start":{"line":557,"column":6},"end":{"line":557,"column":47}},"181":{"start":{"line":559,"column":20},"end":{"line":564,"column":8}},"182":{"start":{"line":566,"column":6},"end":{"line":570,"column":9}},"183":{"start":{"line":573,"column":4},"end":{"line":579,"column":7}},"184":{"start":{"line":581,"column":4},"end":{"line":581,"column":53}},"185":{"start":{"line":582,"column":4},"end":{"line":582,"column":71}},"186":{"start":{"line":589,"column":0},"end":{"line":602,"column":2}},"187":{"start":{"line":590,"column":2},"end":{"line":601,"column":3}},"188":{"start":{"line":591,"column":20},"end":{"line":595,"column":5}},"189":{"start":{"line":597,"column":4},"end":{"line":597,"column":34}},"190":{"start":{"line":599,"column":4},"end":{"line":599,"column":56}},"191":{"start":{"line":600,"column":4},"end":{"line":600,"column":69}},"192":{"start":{"line":609,"column":0},"end":{"line":667,"column":2}},"193":{"start":{"line":610,"column":2},"end":{"line":666,"column":3}},"194":{"start":{"line":611,"column":21},"end":{"line":611,"column":31}},"195":{"start":{"line":613,"column":4},"end":{"line":618,"column":5}},"196":{"start":{"line":614,"column":6},"end":{"line":617,"column":9}},"197":{"start":{"line":620,"column":25},"end":{"line":620,"column":60}},"198":{"start":{"line":623,"column":4},"end":{"line":636,"column":5}},"199":{"start":{"line":625,"column":20},"end":{"line":625,"column":58}},"200":{"start":{"line":626,"column":6},"end":{"line":626,"column":41}},"201":{"start":{"line":627,"column":11},"end":{"line":636,"column":5}},"202":{"start":{"line":629,"column":26},"end":{"line":629,"column":36}},"203":{"start":{"line":630,"column":25},"end":{"line":630,"column":70}},"204":{"start":{"line":631,"column":19},"end":{"line":631,"column":44}},"205":{"start":{"line":632,"column":6},"end":{"line":632,"column":55}},"206":{"start":{"line":635,"column":6},"end":{"line":635,"column":35}},"207":{"start":{"line":639,"column":19},"end":{"line":639,"column":52}},"208":{"start":{"line":641,"column":4},"end":{"line":659,"column":5}},"209":{"start":{"line":642,"column":6},"end":{"line":642,"column":73}},"210":{"start":{"line":645,"column":6},"end":{"line":648,"column":7}},"211":{"start":{"line":646,"column":8},"end":{"line":646,"column":53}},"212":{"start":{"line":647,"column":8},"end":{"line":647,"column":55}},"213":{"start":{"line":650,"column":6},"end":{"line":653,"column":9}},"214":{"start":{"line":655,"column":6},"end":{"line":658,"column":9}},"215":{"start":{"line":661,"column":4},"end":{"line":661,"column":66}},"216":{"start":{"line":662,"column":4},"end":{"line":665,"column":7}},"217":{"start":{"line":674,"column":0},"end":{"line":757,"column":2}},"218":{"start":{"line":675,"column":2},"end":{"line":756,"column":3}},"219":{"start":{"line":676,"column":23},"end":{"line":676,"column":32}},"220":{"start":{"line":677,"column":25},"end":{"line":677,"column":44}},"221":{"start":{"line":679,"column":4},"end":{"line":684,"column":5}},"222":{"start":{"line":680,"column":6},"end":{"line":683,"column":9}},"223":{"start":{"line":686,"column":25},"end":{"line":686,"column":60}},"224":{"start":{"line":687,"column":15},"end":{"line":687,"column":17}},"225":{"start":{"line":690,"column":4},"end":{"line":700,"column":5}},"226":{"start":{"line":693,"column":22},"end":{"line":693,"column":43}},"227":{"start":{"line":694,"column":6},"end":{"line":694,"column":58}},"228":{"start":{"line":695,"column":11},"end":{"line":700,"column":5}},"229":{"start":{"line":698,"column":22},"end":{"line":698,"column":44}},"230":{"start":{"line":699,"column":6},"end":{"line":699,"column":58}},"231":{"start":{"line":703,"column":4},"end":{"line":703,"column":57}},"232":{"start":{"line":703,"column":30},"end":{"line":703,"column":55}},"233":{"start":{"line":706,"column":4},"end":{"line":706,"column":26}},"234":{"start":{"line":709,"column":23},"end":{"line":709,"column":40}},"235":{"start":{"line":712,"column":31},"end":{"line":742,"column":5}},"236":{"start":{"line":714,"column":23},"end":{"line":714,"column":40}},"237":{"start":{"line":715,"column":24},"end":{"line":715,"column":41}},"238":{"start":{"line":718,"column":21},"end":{"line":718,"column":70}},"239":{"start":{"line":721,"column":28},"end":{"line":733,"column":9}},"240":{"start":{"line":723,"column":25},"end":{"line":723,"column":101}},"241":{"start":{"line":725,"column":12},"end":{"line":731,"column":14}},"242":{"start":{"line":735,"column":8},"end":{"line":740,"column":10}},"243":{"start":{"line":744,"column":4},"end":{"line":748,"column":7}},"244":{"start":{"line":751,"column":4},"end":{"line":751,"column":72}},"245":{"start":{"line":752,"column":4},"end":{"line":755,"column":7}},"246":{"start":{"line":765,"column":0},"end":{"line":871,"column":2}},"247":{"start":{"line":766,"column":2},"end":{"line":870,"column":3}},"248":{"start":{"line":767,"column":25},"end":{"line":767,"column":60}},"249":{"start":{"line":771,"column":20},"end":{"line":771,"column":72}},"250":{"start":{"line":774,"column":4},"end":{"line":777,"column":5}},"251":{"start":{"line":775,"column":6},"end":{"line":775,"column":73}},"252":{"start":{"line":775,"column":43},"end":{"line":775,"column":70}},"253":{"start":{"line":776,"column":6},"end":{"line":776,"column":76}},"254":{"start":{"line":780,"column":4},"end":{"line":780,"column":49}},"255":{"start":{"line":783,"column":18},"end":{"line":785,"column":41}},"256":{"start":{"line":787,"column":4},"end":{"line":792,"column":5}},"257":{"start":{"line":788,"column":6},"end":{"line":791,"column":9}},"258":{"start":{"line":795,"column":22},"end":{"line":795,"column":24}},"259":{"start":{"line":797,"column":4},"end":{"line":802,"column":7}},"260":{"start":{"line":798,"column":6},"end":{"line":800,"column":7}},"261":{"start":{"line":799,"column":8},"end":{"line":799,"column":36}},"262":{"start":{"line":801,"column":6},"end":{"line":801,"column":40}},"263":{"start":{"line":805,"column":4},"end":{"line":837,"column":5}},"264":{"start":{"line":806,"column":23},"end":{"line":806,"column":24}},"265":{"start":{"line":809,"column":6},"end":{"line":836,"column":7}},"266":{"start":{"line":810,"column":26},"end":{"line":810,"column":41}},"267":{"start":{"line":811,"column":8},"end":{"line":811,"column":32}},"268":{"start":{"line":814,"column":8},"end":{"line":814,"column":61}},"269":{"start":{"line":817,"column":28},"end":{"line":817,"column":58}},"270":{"start":{"line":820,"column":25},"end":{"line":820,"column":46}},"271":{"start":{"line":821,"column":23},"end":{"line":821,"column":82}},"272":{"start":{"line":823,"column":27},"end":{"line":823,"column":69}},"273":{"start":{"line":824,"column":21},"end":{"line":824,"column":43}},"274":{"start":{"line":825,"column":24},"end":{"line":825,"column":66}},"275":{"start":{"line":828,"column":8},"end":{"line":828,"column":69}},"276":{"start":{"line":831,"column":35},"end":{"line":831,"column":84}},"277":{"start":{"line":832,"column":8},"end":{"line":832,"column":91}},"278":{"start":{"line":835,"column":8},"end":{"line":835,"column":86}},"279":{"start":{"line":840,"column":22},"end":{"line":840,"column":80}},"280":{"start":{"line":841,"column":23},"end":{"line":841,"column":82}},"281":{"start":{"line":845,"column":4},"end":{"line":847,"column":5}},"282":{"start":{"line":846,"column":6},"end":{"line":846,"column":62}},"283":{"start":{"line":850,"column":4},"end":{"line":852,"column":5}},"284":{"start":{"line":851,"column":6},"end":{"line":851,"column":63}},"285":{"start":{"line":854,"column":4},"end":{"line":863,"column":7}},"286":{"start":{"line":865,"column":4},"end":{"line":865,"column":68}},"287":{"start":{"line":866,"column":4},"end":{"line":869,"column":7}}},"fnMap":{"0":{"name":"(anonymous_0)","decl":{"start":{"line":13,"column":23},"end":{"line":13,"column":24}},"loc":{"start":{"line":13,"column":43},"end":{"line":54,"column":1}},"line":13},"1":{"name":"(anonymous_1)","decl":{"start":{"line":59,"column":21},"end":{"line":59,"column":22}},"loc":{"start":{"line":59,"column":41},"end":{"line":111,"column":1}},"line":59},"2":{"name":"(anonymous_2)","decl":{"start":{"line":116,"column":22},"end":{"line":116,"column":23}},"loc":{"start":{"line":116,"column":42},"end":{"line":161,"column":1}},"line":116},"3":{"name":"(anonymous_3)","decl":{"start":{"line":166,"column":23},"end":{"line":166,"column":24}},"loc":{"start":{"line":166,"column":43},"end":{"line":191,"column":1}},"line":166},"4":{"name":"(anonymous_4)","decl":{"start":{"line":196,"column":22},"end":{"line":196,"column":23}},"loc":{"start":{"line":196,"column":42},"end":{"line":249,"column":1}},"line":196},"5":{"name":"(anonymous_5)","decl":{"start":{"line":254,"column":22},"end":{"line":254,"column":23}},"loc":{"start":{"line":254,"column":42},"end":{"line":282,"column":1}},"line":254},"6":{"name":"(anonymous_6)","decl":{"start":{"line":287,"column":19},"end":{"line":287,"column":20}},"loc":{"start":{"line":287,"column":39},"end":{"line":313,"column":1}},"line":287},"7":{"name":"(anonymous_7)","decl":{"start":{"line":318,"column":22},"end":{"line":318,"column":23}},"loc":{"start":{"line":318,"column":42},"end":{"line":347,"column":1}},"line":318},"8":{"name":"(anonymous_8)","decl":{"start":{"line":333,"column":21},"end":{"line":333,"column":22}},"loc":{"start":{"line":333,"column":36},"end":{"line":333,"column":52}},"line":333},"9":{"name":"(anonymous_9)","decl":{"start":{"line":352,"column":21},"end":{"line":352,"column":22}},"loc":{"start":{"line":352,"column":41},"end":{"line":386,"column":1}},"line":352},"10":{"name":"(anonymous_10)","decl":{"start":{"line":391,"column":25},"end":{"line":391,"column":26}},"loc":{"start":{"line":391,"column":45},"end":{"line":440,"column":1}},"line":391},"11":{"name":"(anonymous_11)","decl":{"start":{"line":418,"column":44},"end":{"line":418,"column":45}},"loc":{"start":{"line":418,"column":59},"end":{"line":421,"column":7}},"line":418},"12":{"name":"(anonymous_12)","decl":{"start":{"line":422,"column":40},"end":{"line":422,"column":41}},"loc":{"start":{"line":422,"column":55},"end":{"line":425,"column":7}},"line":422},"13":{"name":"(anonymous_13)","decl":{"start":{"line":445,"column":27},"end":{"line":445,"column":28}},"loc":{"start":{"line":445,"column":47},"end":{"line":478,"column":1}},"line":445},"14":{"name":"(anonymous_14)","decl":{"start":{"line":483,"column":28},"end":{"line":483,"column":29}},"loc":{"start":{"line":483,"column":48},"end":{"line":517,"column":1}},"line":483},"15":{"name":"(anonymous_15)","decl":{"start":{"line":522,"column":23},"end":{"line":522,"column":24}},"loc":{"start":{"line":522,"column":43},"end":{"line":584,"column":1}},"line":522},"16":{"name":"(anonymous_16)","decl":{"start":{"line":544,"column":31},"end":{"line":544,"column":32}},"loc":{"start":{"line":544,"column":46},"end":{"line":544,"column":62}},"line":544},"17":{"name":"(anonymous_17)","decl":{"start":{"line":589,"column":26},"end":{"line":589,"column":27}},"loc":{"start":{"line":589,"column":46},"end":{"line":602,"column":1}},"line":589},"18":{"name":"(anonymous_18)","decl":{"start":{"line":609,"column":27},"end":{"line":609,"column":28}},"loc":{"start":{"line":609,"column":47},"end":{"line":667,"column":1}},"line":609},"19":{"name":"(anonymous_19)","decl":{"start":{"line":674,"column":32},"end":{"line":674,"column":33}},"loc":{"start":{"line":674,"column":52},"end":{"line":757,"column":1}},"line":674},"20":{"name":"(anonymous_20)","decl":{"start":{"line":703,"column":23},"end":{"line":703,"column":24}},"loc":{"start":{"line":703,"column":30},"end":{"line":703,"column":55}},"line":703},"21":{"name":"(anonymous_21)","decl":{"start":{"line":713,"column":21},"end":{"line":713,"column":22}},"loc":{"start":{"line":713,"column":36},"end":{"line":741,"column":7}},"line":713},"22":{"name":"(anonymous_22)","decl":{"start":{"line":722,"column":19},"end":{"line":722,"column":20}},"loc":{"start":{"line":722,"column":36},"end":{"line":732,"column":11}},"line":722},"23":{"name":"(anonymous_23)","decl":{"start":{"line":765,"column":30},"end":{"line":765,"column":31}},"loc":{"start":{"line":765,"column":50},"end":{"line":871,"column":1}},"line":765},"24":{"name":"(anonymous_24)","decl":{"start":{"line":775,"column":36},"end":{"line":775,"column":37}},"loc":{"start":{"line":775,"column":43},"end":{"line":775,"column":70}},"line":775},"25":{"name":"(anonymous_25)","decl":{"start":{"line":797,"column":18},"end":{"line":797,"column":19}},"loc":{"start":{"line":797,"column":26},"end":{"line":802,"column":5}},"line":797}},"branchMap":{"0":{"loc":{"start":{"line":18,"column":4},"end":{"line":23,"column":5}},"type":"if","locations":[{"start":{"line":18,"column":4},"end":{"line":23,"column":5}},{"start":{},"end":{}}],"line":18},"1":{"loc":{"start":{"line":61,"column":17},"end":{"line":61,"column":46}},"type":"binary-expr","locations":[{"start":{"line":61,"column":17},"end":{"line":61,"column":41}},{"start":{"line":61,"column":45},"end":{"line":61,"column":46}}],"line":61},"2":{"loc":{"start":{"line":62,"column":18},"end":{"line":62,"column":49}},"type":"binary-expr","locations":[{"start":{"line":62,"column":18},"end":{"line":62,"column":43}},{"start":{"line":62,"column":47},"end":{"line":62,"column":49}}],"line":62},"3":{"loc":{"start":{"line":68,"column":4},"end":{"line":70,"column":5}},"type":"if","locations":[{"start":{"line":68,"column":4},"end":{"line":70,"column":5}},{"start":{},"end":{}}],"line":68},"4":{"loc":{"start":{"line":72,"column":4},"end":{"line":74,"column":5}},"type":"if","locations":[{"start":{"line":72,"column":4},"end":{"line":74,"column":5}},{"start":{},"end":{}}],"line":72},"5":{"loc":{"start":{"line":76,"column":4},"end":{"line":81,"column":5}},"type":"if","locations":[{"start":{"line":76,"column":4},"end":{"line":81,"column":5}},{"start":{},"end":{}}],"line":76},"6":{"loc":{"start":{"line":121,"column":4},"end":{"line":126,"column":5}},"type":"if","locations":[{"start":{"line":121,"column":4},"end":{"line":126,"column":5}},{"start":{},"end":{}}],"line":121},"7":{"loc":{"start":{"line":121,"column":8},"end":{"line":121,"column":96}},"type":"binary-expr","locations":[{"start":{"line":121,"column":8},"end":{"line":121,"column":13}},{"start":{"line":121,"column":17},"end":{"line":121,"column":25}},{"start":{"line":121,"column":29},"end":{"line":121,"column":49}},{"start":{"line":121,"column":53},"end":{"line":121,"column":80}},{"start":{"line":121,"column":84},"end":{"line":121,"column":96}}],"line":121},"8":{"loc":{"start":{"line":129,"column":4},"end":{"line":134,"column":5}},"type":"if","locations":[{"start":{"line":129,"column":4},"end":{"line":134,"column":5}},{"start":{},"end":{}}],"line":129},"9":{"loc":{"start":{"line":129,"column":8},"end":{"line":129,"column":46}},"type":"binary-expr","locations":[{"start":{"line":129,"column":8},"end":{"line":129,"column":25}},{"start":{"line":129,"column":29},"end":{"line":129,"column":46}}],"line":129},"10":{"loc":{"start":{"line":142,"column":18},"end":{"line":142,"column":40}},"type":"binary-expr","locations":[{"start":{"line":142,"column":18},"end":{"line":142,"column":28}},{"start":{"line":142,"column":32},"end":{"line":142,"column":40}}],"line":142},"11":{"loc":{"start":{"line":143,"column":16},"end":{"line":143,"column":37}},"type":"binary-expr","locations":[{"start":{"line":143,"column":16},"end":{"line":143,"column":24}},{"start":{"line":143,"column":28},"end":{"line":143,"column":37}}],"line":143},"12":{"loc":{"start":{"line":172,"column":4},"end":{"line":177,"column":5}},"type":"if","locations":[{"start":{"line":172,"column":4},"end":{"line":177,"column":5}},{"start":{},"end":{}}],"line":172},"13":{"loc":{"start":{"line":204,"column":4},"end":{"line":209,"column":5}},"type":"if","locations":[{"start":{"line":204,"column":4},"end":{"line":209,"column":5}},{"start":{},"end":{}}],"line":204},"14":{"loc":{"start":{"line":212,"column":4},"end":{"line":217,"column":5}},"type":"if","locations":[{"start":{"line":212,"column":4},"end":{"line":217,"column":5}},{"start":{},"end":{}}],"line":212},"15":{"loc":{"start":{"line":212,"column":8},"end":{"line":212,"column":96}},"type":"binary-expr","locations":[{"start":{"line":212,"column":8},"end":{"line":212,"column":13}},{"start":{"line":212,"column":17},"end":{"line":212,"column":25}},{"start":{"line":212,"column":29},"end":{"line":212,"column":49}},{"start":{"line":212,"column":53},"end":{"line":212,"column":80}},{"start":{"line":212,"column":84},"end":{"line":212,"column":96}}],"line":212},"16":{"loc":{"start":{"line":220,"column":4},"end":{"line":225,"column":5}},"type":"if","locations":[{"start":{"line":220,"column":4},"end":{"line":225,"column":5}},{"start":{},"end":{}}],"line":220},"17":{"loc":{"start":{"line":220,"column":8},"end":{"line":220,"column":46}},"type":"binary-expr","locations":[{"start":{"line":220,"column":8},"end":{"line":220,"column":25}},{"start":{"line":220,"column":29},"end":{"line":220,"column":46}}],"line":220},"18":{"loc":{"start":{"line":232,"column":23},"end":{"line":232,"column":53}},"type":"binary-expr","locations":[{"start":{"line":232,"column":23},"end":{"line":232,"column":33}},{"start":{"line":232,"column":37},"end":{"line":232,"column":53}}],"line":232},"19":{"loc":{"start":{"line":233,"column":21},"end":{"line":233,"column":47}},"type":"binary-expr","locations":[{"start":{"line":233,"column":21},"end":{"line":233,"column":29}},{"start":{"line":233,"column":33},"end":{"line":233,"column":47}}],"line":233},"20":{"loc":{"start":{"line":261,"column":4},"end":{"line":266,"column":5}},"type":"if","locations":[{"start":{"line":261,"column":4},"end":{"line":266,"column":5}},{"start":{},"end":{}}],"line":261},"21":{"loc":{"start":{"line":289,"column":17},"end":{"line":289,"column":46}},"type":"binary-expr","locations":[{"start":{"line":289,"column":17},"end":{"line":289,"column":41}},{"start":{"line":289,"column":45},"end":{"line":289,"column":46}}],"line":289},"22":{"loc":{"start":{"line":290,"column":18},"end":{"line":290,"column":49}},"type":"binary-expr","locations":[{"start":{"line":290,"column":18},"end":{"line":290,"column":43}},{"start":{"line":290,"column":47},"end":{"line":290,"column":49}}],"line":290},"23":{"loc":{"start":{"line":324,"column":4},"end":{"line":326,"column":5}},"type":"if","locations":[{"start":{"line":324,"column":4},"end":{"line":326,"column":5}},{"start":{},"end":{}}],"line":324},"24":{"loc":{"start":{"line":332,"column":25},"end":{"line":334,"column":9}},"type":"cond-expr","locations":[{"start":{"line":333,"column":8},"end":{"line":333,"column":71}},{"start":{"line":334,"column":8},"end":{"line":334,"column":9}}],"line":332},"25":{"loc":{"start":{"line":360,"column":4},"end":{"line":365,"column":5}},"type":"if","locations":[{"start":{"line":360,"column":4},"end":{"line":365,"column":5}},{"start":{},"end":{}}],"line":360},"26":{"loc":{"start":{"line":368,"column":4},"end":{"line":370,"column":5}},"type":"if","locations":[{"start":{"line":368,"column":4},"end":{"line":370,"column":5}},{"start":{},"end":{}}],"line":368},"27":{"loc":{"start":{"line":395,"column":4},"end":{"line":400,"column":5}},"type":"if","locations":[{"start":{"line":395,"column":4},"end":{"line":400,"column":5}},{"start":{},"end":{}}],"line":395},"28":{"loc":{"start":{"line":450,"column":4},"end":{"line":452,"column":5}},"type":"if","locations":[{"start":{"line":450,"column":4},"end":{"line":452,"column":5}},{"start":{},"end":{}}],"line":450},"29":{"loc":{"start":{"line":450,"column":8},"end":{"line":450,"column":57}},"type":"binary-expr","locations":[{"start":{"line":450,"column":8},"end":{"line":450,"column":15}},{"start":{"line":450,"column":19},"end":{"line":450,"column":57}}],"line":450},"30":{"loc":{"start":{"line":460,"column":4},"end":{"line":462,"column":5}},"type":"if","locations":[{"start":{"line":460,"column":4},"end":{"line":462,"column":5}},{"start":{},"end":{}}],"line":460},"31":{"loc":{"start":{"line":493,"column":4},"end":{"line":498,"column":5}},"type":"if","locations":[{"start":{"line":493,"column":4},"end":{"line":498,"column":5}},{"start":{},"end":{}}],"line":493},"32":{"loc":{"start":{"line":543,"column":25},"end":{"line":545,"column":9}},"type":"cond-expr","locations":[{"start":{"line":544,"column":8},"end":{"line":544,"column":91}},{"start":{"line":545,"column":8},"end":{"line":545,"column":9}}],"line":543},"33":{"loc":{"start":{"line":613,"column":4},"end":{"line":618,"column":5}},"type":"if","locations":[{"start":{"line":613,"column":4},"end":{"line":618,"column":5}},{"start":{},"end":{}}],"line":613},"34":{"loc":{"start":{"line":613,"column":8},"end":{"line":613,"column":62}},"type":"binary-expr","locations":[{"start":{"line":613,"column":8},"end":{"line":613,"column":13}},{"start":{"line":613,"column":17},"end":{"line":613,"column":62}}],"line":613},"35":{"loc":{"start":{"line":623,"column":4},"end":{"line":636,"column":5}},"type":"if","locations":[{"start":{"line":623,"column":4},"end":{"line":636,"column":5}},{"start":{"line":627,"column":11},"end":{"line":636,"column":5}}],"line":623},"36":{"loc":{"start":{"line":627,"column":11},"end":{"line":636,"column":5}},"type":"if","locations":[{"start":{"line":627,"column":11},"end":{"line":636,"column":5}},{"start":{"line":633,"column":11},"end":{"line":636,"column":5}}],"line":627},"37":{"loc":{"start":{"line":641,"column":4},"end":{"line":659,"column":5}},"type":"if","locations":[{"start":{"line":641,"column":4},"end":{"line":659,"column":5}},{"start":{"line":654,"column":11},"end":{"line":659,"column":5}}],"line":641},"38":{"loc":{"start":{"line":645,"column":6},"end":{"line":648,"column":7}},"type":"if","locations":[{"start":{"line":645,"column":6},"end":{"line":648,"column":7}},{"start":{},"end":{}}],"line":645},"39":{"loc":{"start":{"line":679,"column":4},"end":{"line":684,"column":5}},"type":"if","locations":[{"start":{"line":679,"column":4},"end":{"line":684,"column":5}},{"start":{},"end":{}}],"line":679},"40":{"loc":{"start":{"line":679,"column":8},"end":{"line":679,"column":49}},"type":"binary-expr","locations":[{"start":{"line":679,"column":8},"end":{"line":679,"column":15}},{"start":{"line":679,"column":19},"end":{"line":679,"column":49}}],"line":679},"41":{"loc":{"start":{"line":690,"column":4},"end":{"line":700,"column":5}},"type":"if","locations":[{"start":{"line":690,"column":4},"end":{"line":700,"column":5}},{"start":{"line":695,"column":11},"end":{"line":700,"column":5}}],"line":690},"42":{"loc":{"start":{"line":695,"column":11},"end":{"line":700,"column":5}},"type":"if","locations":[{"start":{"line":695,"column":11},"end":{"line":700,"column":5}},{"start":{},"end":{}}],"line":695},"43":{"loc":{"start":{"line":728,"column":24},"end":{"line":728,"column":61}},"type":"cond-expr","locations":[{"start":{"line":728,"column":31},"end":{"line":728,"column":44}},{"start":{"line":728,"column":47},"end":{"line":728,"column":61}}],"line":728},"44":{"loc":{"start":{"line":729,"column":20},"end":{"line":729,"column":80}},"type":"cond-expr","locations":[{"start":{"line":729,"column":27},"end":{"line":729,"column":63}},{"start":{"line":729,"column":66},"end":{"line":729,"column":80}}],"line":729},"45":{"loc":{"start":{"line":730,"column":24},"end":{"line":730,"column":51}},"type":"cond-expr","locations":[{"start":{"line":730,"column":31},"end":{"line":730,"column":44}},{"start":{"line":730,"column":47},"end":{"line":730,"column":51}}],"line":730},"46":{"loc":{"start":{"line":774,"column":4},"end":{"line":777,"column":5}},"type":"if","locations":[{"start":{"line":774,"column":4},"end":{"line":777,"column":5}},{"start":{},"end":{}}],"line":774},"47":{"loc":{"start":{"line":787,"column":4},"end":{"line":792,"column":5}},"type":"if","locations":[{"start":{"line":787,"column":4},"end":{"line":792,"column":5}},{"start":{},"end":{}}],"line":787},"48":{"loc":{"start":{"line":798,"column":6},"end":{"line":800,"column":7}},"type":"if","locations":[{"start":{"line":798,"column":6},"end":{"line":800,"column":7}},{"start":{},"end":{}}],"line":798},"49":{"loc":{"start":{"line":810,"column":26},"end":{"line":810,"column":41}},"type":"binary-expr","locations":[{"start":{"line":810,"column":26},"end":{"line":810,"column":36}},{"start":{"line":810,"column":40},"end":{"line":810,"column":41}}],"line":810},"50":{"loc":{"start":{"line":817,"column":28},"end":{"line":817,"column":58}},"type":"binary-expr","locations":[{"start":{"line":817,"column":28},"end":{"line":817,"column":44}},{"start":{"line":817,"column":48},"end":{"line":817,"column":58}}],"line":817},"51":{"loc":{"start":{"line":831,"column":35},"end":{"line":831,"column":84}},"type":"binary-expr","locations":[{"start":{"line":831,"column":35},"end":{"line":831,"column":79}},{"start":{"line":831,"column":83},"end":{"line":831,"column":84}}],"line":831}},"s":{"0":1,"1":1,"2":1,"3":1,"4":1,"5":1,"6":0,"7":0,"8":0,"9":0,"10":0,"11":0,"12":0,"13":0,"14":0,"15":1,"16":0,"17":0,"18":0,"19":0,"20":0,"21":0,"22":0,"23":0,"24":0,"25":0,"26":0,"27":0,"28":0,"29":0,"30":0,"31":0,"32":1,"33":0,"34":0,"35":0,"36":0,"37":0,"38":0,"39":0,"40":0,"41":0,"42":0,"43":0,"44":1,"45":0,"46":0,"47":0,"48":0,"49":0,"50":0,"51":0,"52":0,"53":1,"54":0,"55":0,"56":0,"57":0,"58":0,"59":0,"60":0,"61":0,"62":0,"63":0,"64":0,"65":0,"66":0,"67":0,"68":0,"69":0,"70":0,"71":0,"72":0,"73":0,"74":1,"75":0,"76":0,"77":0,"78":0,"79":0,"80":0,"81":0,"82":0,"83":0,"84":1,"85":0,"86":0,"87":0,"88":0,"89":0,"90":0,"91":0,"92":0,"93":0,"94":1,"95":0,"96":0,"97":0,"98":0,"99":0,"100":0,"101":0,"102":0,"103":0,"104":0,"105":0,"106":0,"107":0,"108":1,"109":0,"110":0,"111":0,"112":0,"113":0,"114":0,"115":0,"116":0,"117":0,"118":0,"119":0,"120":0,"121":1,"122":0,"123":0,"124":0,"125":0,"126":0,"127":0,"128":0,"129":0,"130":0,"131":0,"132":0,"133":0,"134":0,"135":0,"136":0,"137":1,"138":0,"139":0,"140":0,"141":0,"142":0,"143":0,"144":0,"145":0,"146":0,"147":0,"148":0,"149":0,"150":1,"151":0,"152":0,"153":0,"154":0,"155":0,"156":0,"157":0,"158":0,"159":0,"160":0,"161":0,"162":1,"163":0,"164":0,"165":0,"166":0,"167":0,"168":0,"169":0,"170":0,"171":0,"172":0,"173":0,"174":0,"175":0,"176":0,"177":0,"178":0,"179":0,"180":0,"181":0,"182":0,"183":0,"184":0,"185":0,"186":1,"187":0,"188":0,"189":0,"190":0,"191":0,"192":1,"193":0,"194":0,"195":0,"196":0,"197":0,"198":0,"199":0,"200":0,"201":0,"202":0,"203":0,"204":0,"205":0,"206":0,"207":0,"208":0,"209":0,"210":0,"211":0,"212":0,"213":0,"214":0,"215":0,"216":0,"217":1,"218":0,"219":0,"220":0,"221":0,"222":0,"223":0,"224":0,"225":0,"226":0,"227":0,"228":0,"229":0,"230":0,"231":0,"232":0,"233":0,"234":0,"235":0,"236":0,"237":0,"238":0,"239":0,"240":0,"241":0,"242":0,"243":0,"244":0,"245":0,"246":1,"247":0,"248":0,"249":0,"250":0,"251":0,"252":0,"253":0,"254":0,"255":0,"256":0,"257":0,"258":0,"259":0,"260":0,"261":0,"262":0,"263":0,"264":0,"265":0,"266":0,"267":0,"268":0,"269":0,"270":0,"271":0,"272":0,"273":0,"274":0,"275":0,"276":0,"277":0,"278":0,"279":0,"280":0,"281":0,"282":0,"283":0,"284":0,"285":0,"286":0,"287":0},"f":{"0":0,"1":0,"2":0,"3":0,"4":0,"5":0,"6":0,"7":0,"8":0,"9":0,"10":0,"11":0,"12":0,"13":0,"14":0,"15":0,"16":0,"17":0,"18":0,"19":0,"20":0,"21":0,"22":0,"23":0,"24":0,"25":0},"b":{"0":[0,0],"1":[0,0],"2":[0,0],"3":[0,0],"4":[0,0],"5":[0,0],"6":[0,0],"7":[0,0,0,0,0],"8":[0,0],"9":[0,0],"10":[0,0],"11":[0,0],"12":[0,0],"13":[0,0],"14":[0,0],"15":[0,0,0,0,0],"16":[0,0],"17":[0,0],"18":[0,0],"19":[0,0],"20":[0,0],"21":[0,0],"22":[0,0],"23":[0,0],"24":[0,0],"25":[0,0],"26":[0,0],"27":[0,0],"28":[0,0],"29":[0,0],"30":[0,0],"31":[0,0],"32":[0,0],"33":[0,0],"34":[0,0],"35":[0,0],"36":[0,0],"37":[0,0],"38":[0,0],"39":[0,0],"40":[0,0],"41":[0,0],"42"
[...]
,"C:\\Users\\user\\bot_bot\\backend\\src\\utils\\errors.js": {"path":"C:\\Users\\user\\bot_bot\\backend\\src\\utils\\errors.js","statementMap":{"0":{"start":{"line":3,"column":4},"end":{"line":3,"column":19}},"1":{"start":{"line":4,"column":4},"end":{"line":4,"column":33}},"2":{"start":{"line":5,"column":4},"end":{"line":5,"column":31}},"3":{"start":{"line":6,"column":4},"end":{"line":6,"column":69}},"4":{"start":{"line":7,"column":4},"end":{"line":7,"column":30}},"5":{"start":{"line":9,"column":4},"end":{"line":9,"column":52}},"6":{"start":{"line":15,"column":4},"end":{"line":15,"column":44}},"7":{"start":{"line":16,"column":4},"end":{"line":16,"column":27}},"8":{"start":{"line":22,"column":4},"end":{"line":22,"column":73}},"9":{"start":{"line":23,"column":4},"end":{"line":23,"column":29}},"10":{"start":{"line":24,"column":4},"end":{"line":24,"column":25}},"11":{"start":{"line":30,"column":4},"end":{"line":30,"column":44}},"12":{"start":{"line":36,"column":4},"end":{"line":36,"column":47}},"13":{"start":{"line":42,"column":4},"end":{"line":42,"column":42}},"14":{"start":{"line":43,"column":4},"end":{"line":43,"column":39}},"15":{"start":{"line":47,"column":0},"end":{"line":54,"column":2}}},"fnMap":{"0":{"name":"(anonymous_0)","decl":{"start":{"line":2,"column":2},"end":{"line":2,"column":3}},"loc":{"start":{"line":2,"column":46},"end":{"line":10,"column":3}},"line":2},"1":{"name":"(anonymous_1)","decl":{"start":{"line":14,"column":2},"end":{"line":14,"column":3}},"loc":{"start":{"line":14,"column":37},"end":{"line":17,"column":3}},"line":14},"2":{"name":"(anonymous_2)","decl":{"start":{"line":21,"column":2},"end":{"line":21,"column":3}},"loc":{"start":{"line":21,"column":28},"end":{"line":25,"column":3}},"line":21},"3":{"name":"(anonymous_3)","decl":{"start":{"line":29,"column":2},"end":{"line":29,"column":3}},"loc":{"start":{"line":29,"column":23},"end":{"line":31,"column":3}},"line":29},"4":{"name":"(anonymous_4)","decl":{"start":{"line":35,"column":2},"end":{"line":35,"column":3}},"loc":{"start":{"line":35,"column":69},"end":{"line":37,"column":3}},"line":35},"5":{"name":"(anonymous_5)","decl":{"start":{"line":41,"column":2},"end":{"line":41,"column":3}},"loc":{"start":{"line":41,"column":38},"end":{"line":44,"column":3}},"line":41}},"branchMap":{"0":{"loc":{"start":{"line":6,"column":18},"end":{"line":6,"column":68}},"type":"cond-expr","locations":[{"start":{"line":6,"column":52},"end":{"line":6,"column":58}},{"start":{"line":6,"column":61},"end":{"line":6,"column":68}}],"line":6},"1":{"loc":{"start":{"line":14,"column":23},"end":{"line":14,"column":35}},"type":"default-arg","locations":[{"start":{"line":14,"column":33},"end":{"line":14,"column":35}}],"line":14},"2":{"loc":{"start":{"line":35,"column":14},"end":{"line":35,"column":67}},"type":"default-arg","locations":[{"start":{"line":35,"column":24},"end":{"line":35,"column":67}}],"line":35}},"s":{"0":0,"1":0,"2":0,"3":0,"4":0,"5":0,"6":0,"7":0,"8":0,"9":0,"10":0,"11":0,"12":0,"13":0,"14":0,"15":5},"f":{"0":0,"1":0,"2":0,"3":0,"4":0,"5":0},"b":{"0":[0,0],"1":[0],"2":[0]},"_coverageSchema":"1a1c01bbd47fc00a2c39e90264f33305004495a9","hash":"9a9d82f17410c5a6eb4dbb055db5d328330940c7"}
,"C:\\Users\\user\\bot_bot\\backend\\src\\utils\\logger.js": {"path":"C:\\Users\\user\\bot_bot\\backend\\src\\utils\\logger.js","statementMap":{"0":{"start":{"line":4,"column":16},"end":{"line":4,"column":34}},"1":{"start":{"line":7,"column":18},"end":{"line":12,"column":1}},"2":{"start":{"line":15,"column":15},"end":{"line":25,"column":2}},"3":{"start":{"line":28,"column":0},"end":{"line":35,"column":1}},"4":{"start":{"line":29,"column":2},"end":{"line":34,"column":6}},"5":{"start":{"line":37,"column":0},"end":{"line":37,"column":24}}},"fnMap":{},"branchMap":{"0":{"loc":{"start":{"line":16,"column":9},"end":{"line":16,"column":65}},"type":"cond-expr","locations":[{"start":{"line":16,"column":49},"end":{"line":16,"column":55}},{"start":{"line":16,"column":58},"end":{"line":16,"column":65}}],"line":16},"1":{"loc":{"start":{"line":28,"column":0},"end":{"line":35,"column":1}},"type":"if","locations":[{"start":{"line":28,"column":0},"end":{"line":35,"column":1}},{"start":{},"end":{}}],"line":28}},"s":{"0":5,"1":5,"2":5,"3":5,"4":5,"5":5},"f":{},"b":{"0":[0,5],"1":[5,0]},"_coverageSchema":"1a1c01bbd47fc00a2c39e90264f33305004495a9","hash":"fb8569ae872122c889ddd7cbef874522e954e532"}
,"C:\\Users\\user\\bot_bot\\backend\\src\\utils\\scoreCalculator.js": {"path":"C:\\Users\\user\\bot_bot\\backend\\src\\utils\\scoreCalculator.js","statementMap":{"0":{"start":{"line":13,"column":23},"end":{"line":30,"column":1}},"1":{"start":{"line":15,"column":2},"end":{"line":17,"column":3}},"2":{"start":{"line":16,"column":4},"end":{"line":16,"column":13}},"3":{"start":{"line":20,"column":15},"end":{"line":20,"column":18}},"4":{"start":{"line":23,"column":21},"end":{"line":23,"column":54}},"5":{"start":{"line":26,"column":22},"end":{"line":26,"column":50}},"6":{"start":{"line":29,"column":2},"end":{"line":29,"column":55}},"7":{"start":{"line":37,"column":28},"end":{"line":65,"column":1}},"8":{"start":{"line":39,"column":2},"end":{"line":41,"column":3}},"9":{"start":{"line":40,"column":4},"end":{"line":40,"column":13}},"10":{"start":{"line":44,"column":18},"end":{"line":44,"column":23}},"11":{"start":{"line":47,"column":18},"end":{"line":47,"column":22}},"12":{"start":{"line":50,"column":19},"end":{"line":50,"column":22}},"13":{"start":{"line":53,"column":2},"end":{"line":55,"column":3}},"14":{"start":{"line":54,"column":4},"end":{"line":54,"column":13}},"15":{"start":{"line":58,"column":2},"end":{"line":60,"column":3}},"16":{"start":{"line":59,"column":4},"end":{"line":59,"column":20}},"17":{"start":{"line":64,"column":2},"end":{"line":64,"column":85}},"18":{"start":{"line":72,"column":29},"end":{"line":88,"column":1}},"19":{"start":{"line":74,"column":2},"end":{"line":76,"column":3}},"20":{"start":{"line":75,"column":4},"end":{"line":75,"column":13}},"21":{"start":{"line":79,"column":24},"end":{"line":79,"column":27}},"22":{"start":{"line":82,"column":21},"end":{"line":82,"column":68}},"23":{"start":{"line":85,"column":20},"end":{"line":85,"column":22}},"24":{"start":{"line":87,"column":2},"end":{"line":87,"column":50}},"25":{"start":{"line":95,"column":32},"end":{"line":106,"column":1}},"26":{"start":{"line":96,"column":2},"end":{"line":105,"column":3}},"27":{"start":{"line":98,"column":6},"end":{"line":98,"column":17}},"28":{"start":{"line":100,"column":6},"end":{"line":100,"column":17}},"29":{"start":{"line":102,"column":6},"end":{"line":102,"column":17}},"30":{"start":{"line":104,"column":6},"end":{"line":104,"column":17}},"31":{"start":{"line":113,"column":27},"end":{"line":196,"column":1}},"32":{"start":{"line":114,"column":75},"end":{"line":114,"column":80}},"33":{"start":{"line":117,"column":2},"end":{"line":125,"column":3}},"34":{"start":{"line":118,"column":4},"end":{"line":124,"column":6}},"35":{"start":{"line":128,"column":19},"end":{"line":128,"column":59}},"36":{"start":{"line":131,"column":14},"end":{"line":131,"column":23}},"37":{"start":{"line":132,"column":2},"end":{"line":146,"column":3}},"38":{"start":{"line":133,"column":4},"end":{"line":139,"column":5}},"39":{"start":{"line":134,"column":6},"end":{"line":134,"column":24}},"40":{"start":{"line":135,"column":11},"end":{"line":139,"column":5}},"41":{"start":{"line":136,"column":6},"end":{"line":136,"column":24}},"42":{"start":{"line":138,"column":6},"end":{"line":138,"column":28}},"43":{"start":{"line":140,"column":9},"end":{"line":146,"column":3}},"44":{"start":{"line":141,"column":4},"end":{"line":145,"column":5}},"45":{"start":{"line":142,"column":6},"end":{"line":142,"column":28}},"46":{"start":{"line":144,"column":6},"end":{"line":144,"column":25}},"47":{"start":{"line":149,"column":20},"end":{"line":149,"column":29}},"48":{"start":{"line":150,"column":2},"end":{"line":158,"column":3}},"49":{"start":{"line":151,"column":4},"end":{"line":157,"column":5}},"50":{"start":{"line":152,"column":6},"end":{"line":152,"column":35}},"51":{"start":{"line":153,"column":11},"end":{"line":157,"column":5}},"52":{"start":{"line":154,"column":6},"end":{"line":154,"column":30}},"53":{"start":{"line":155,"column":11},"end":{"line":157,"column":5}},"54":{"start":{"line":156,"column":6},"end":{"line":156,"column":32}},"55":{"start":{"line":161,"column":21},"end":{"line":161,"column":33}},"56":{"start":{"line":162,"column":2},"end":{"line":168,"column":3}},"57":{"start":{"line":163,"column":4},"end":{"line":163,"column":34}},"58":{"start":{"line":164,"column":9},"end":{"line":168,"column":3}},"59":{"start":{"line":165,"column":4},"end":{"line":165,"column":29}},"60":{"start":{"line":166,"column":9},"end":{"line":168,"column":3}},"61":{"start":{"line":167,"column":4},"end":{"line":167,"column":36}},"62":{"start":{"line":171,"column":26},"end":{"line":171,"column":28}},"63":{"start":{"line":173,"column":2},"end":{"line":175,"column":3}},"64":{"start":{"line":174,"column":4},"end":{"line":174,"column":95}},"65":{"start":{"line":177,"column":2},"end":{"line":179,"column":3}},"66":{"start":{"line":178,"column":4},"end":{"line":178,"column":91}},"67":{"start":{"line":181,"column":2},"end":{"line":183,"column":3}},"68":{"start":{"line":182,"column":4},"end":{"line":182,"column":90}},"69":{"start":{"line":185,"column":2},"end":{"line":187,"column":3}},"70":{"start":{"line":186,"column":4},"end":{"line":186,"column":90}},"71":{"start":{"line":189,"column":2},"end":{"line":195,"column":4}},"72":{"start":{"line":198,"column":0},"end":{"line":204,"column":2}}},"fnMap":{"0":{"name":"(anonymous_0)","decl":{"start":{"line":13,"column":23},"end":{"line":13,"column":24}},"loc":{"start":{"line":13,"column":64},"end":{"line":30,"column":1}},"line":13},"1":{"name":"(anonymous_1)","decl":{"start":{"line":37,"column":28},"end":{"line":37,"column":29}},"loc":{"start":{"line":37,"column":46},"end":{"line":65,"column":1}},"line":37},"2":{"name":"(anonymous_2)","decl":{"start":{"line":72,"column":29},"end":{"line":72,"column":30}},"loc":{"start":{"line":72,"column":41},"end":{"line":88,"column":1}},"line":72},"3":{"name":"(anonymous_3)","decl":{"start":{"line":95,"column":32},"end":{"line":95,"column":33}},"loc":{"start":{"line":95,"column":48},"end":{"line":106,"column":1}},"line":95},"4":{"name":"(anonymous_4)","decl":{"start":{"line":113,"column":27},"end":{"line":113,"column":28}},"loc":{"start":{"line":113,"column":38},"end":{"line":196,"column":1}},"line":113}},"branchMap":{"0":{"loc":{"start":{"line":13,"column":49},"end":{"line":13,"column":59}},"type":"default-arg","locations":[{"start":{"line":13,"column":58},"end":{"line":13,"column":59}}],"line":13},"1":{"loc":{"start":{"line":15,"column":2},"end":{"line":17,"column":3}},"type":"if","locations":[{"start":{"line":15,"column":2},"end":{"line":17,"column":3}},{"start":{},"end":{}}],"line":15},"2":{"loc":{"start":{"line":39,"column":2},"end":{"line":41,"column":3}},"type":"if","locations":[{"start":{"line":39,"column":2},"end":{"line":41,"column":3}},{"start":{},"end":{}}],"line":39},"3":{"loc":{"start":{"line":53,"column":2},"end":{"line":55,"column":3}},"type":"if","locations":[{"start":{"line":53,"column":2},"end":{"line":55,"column":3}},{"start":{},"end":{}}],"line":53},"4":{"loc":{"start":{"line":58,"column":2},"end":{"line":60,"column":3}},"type":"if","locations":[{"start":{"line":58,"column":2},"end":{"line":60,"column":3}},{"start":{},"end":{}}],"line":58},"5":{"loc":{"start":{"line":74,"column":2},"end":{"line":76,"column":3}},"type":"if","locations":[{"start":{"line":74,"column":2},"end":{"line":76,"column":3}},{"start":{},"end":{}}],"line":74},"6":{"loc":{"start":{"line":96,"column":2},"end":{"line":105,"column":3}},"type":"switch","locations":[{"start":{"line":97,"column":4},"end":{"line":98,"column":17}},{"start":{"line":99,"column":4},"end":{"line":100,"column":17}},{"start":{"line":101,"column":4},"end":{"line":102,"column":17}},{"start":{"line":103,"column":4},"end":{"line":104,"column":17}}],"line":96},"7":{"loc":{"start":{"line":117,"column":2},"end":{"line":125,"column":3}},"type":"if","locations":[{"start":{"line":117,"column":2},"end":{"line":125,"column":3}},{"start":{},"end":{}}],"line":117},"8":{"loc":{"start":{"line":132,"column":2},"end":{"line":146,"column":3}},"type":"if","locations":[{"start":{"line":132,"column":2},"end":{"line":146,"column":3}},{"start":{"line":140,"column":9},"end":{"line":146,"column":3}}],"line":132},"9":{"loc":{"start":{"line":133,"column":4},"end":{"line":139,"column":5}},"type":"if","locations":[{"start":{"line":133,"column":4},"end":{"line":139,"column":5}},{"start":{"line":135,"column":11},"end":{"line":139,"column":5}}],"line":133},"10":{"loc":{"start":{"line":135,"column":11},"end":{"line":139,"column":5}},"type":"if","locations":[{"start":{"line":135,"column":11},"end":{"line":139,"column":5}},{"start":{"line":137,"column":11},"end":{"line":139,"column":5}}],"line":135},"11":{"loc":{"start":{"line":140,"column":9},"end":{"line":146,"column":3}},"type":"if","locations":[{"start":{"line":140,"column":9},"end":{"line":146,"column":3}},{"start":{},"end":{}}],"line":140},"12":{"loc":{"start":{"line":141,"column":4},"end":{"line":145,"column":5}},"type":"if","locations":[{"start":{"line":141,"column":4},"end":{"line":145,"column":5}},{"start":{"line":143,"column":11},"end":{"line":145,"column":5}}],"line":141},"13":{"loc":{"start":{"line":150,"column":2},"end":{"line":158,"column":3}},"type":"if","locations":[{"start":{"line":150,"column":2},"end":{"line":158,"column":3}},{"start":{},"end":{}}],"line":150},"14":{"loc":{"start":{"line":151,"column":4},"end":{"line":157,"column":5}},"type":"if","locations":[{"start":{"line":151,"column":4},"end":{"line":157,"column":5}},{"start":{"line":153,"column":11},"end":{"line":157,"column":5}}],"line":151},"15":{"loc":{"start":{"line":153,"column":11},"end":{"line":157,"column":5}},"type":"if","locations":[{"start":{"line":153,"column":11},"end":{"line":157,"column":5}},{"start":{"line":155,"column":11},"end":{"line":157,"column":5}}],"line":153},"16":{"loc":{"start":{"line":155,"column":11},"end":{"line":157,"column":5}},"type":"if","locations":[{"start":{"line":155,"column":11},"end":{"line":157,"column":5}},{"start":{},"end":{}}],"line":155},"17":{"loc":{"start":{"line":162,"column":2},"end":{"line":168,"column":3}},"type":"if","locations":[{"start":{"line":162,"column":2},"end":{"line":168,"column":3}},{"start":{"line":164,"column":9},"end":{"line":168,"column":3}}],"line":162},"18":{"loc":{"start":{"line":164,"column":9},"end":{"line":168,"column":3}},"type":"if","locations":[{"start":{"line":164,"column":9},"end":{"line":168,"column":3}},{"start":{"line":166,"column":9},"end":{"line":168,"column":3}}],"line":164},"19":{"loc":{"start":{"line":166,"column":9},"end":{"line":168,"column":3}},"type":"if","locations":[{"start":{"line":166,"column":9},"end":{"line":168,"column":3}},{"start":{},"end":{}}],"line":166},"20":{"loc":{"start":{"line":173,"column":2},"end":{"line":175,"column":3}},"type":"if","locations":[{"start":{"line":173,"column":2},"end":{"line":175,"column":3}},{"start":{},"end":{}}],"line":173},"21":{"loc":{"start":{"line":177,"column":2},"end":{"line":179,"column":3}},"type":"if","locations":[{"start":{"line":177,"column":2},"end":{"line":179,"column":3}},{"start":{},"end":{}}],"line":177},"22":{"loc":{"start":{"line":177,"column":6},"end":{"line":177,"column":56}},"type":"binary-expr","locations":[{"start":{"line":177,"column":6},"end":{"line":177,"column":25}},{"start":{"line":177,"column":29},"end":{"line":177,"column":56}}],"line":177},"23":{"loc":{"start":{"line":181,"column":2},"end":{"line":183,"column":3}},"type":"if","locations":[{"start":{"line":181,"column":2},"end":{"line":183,"column":3}},{"start":{},"end":{}}],"line":181},"24":{"loc":{"start":{"line":185,"column":2},"end":{"line":187,"column":3}},"type":"if","locations":[{"start":{"line":185,"column":2},"end":{"line":187,"column":3}},{"start":{},"end":{}}],"line":185}},"s":{"0":2,"1":0,"2":0,"3":0,"4":0,"5":0,"6":0,"7":2,"8":0,"9":0,"10":0,"11":0,"12":0,"13":0,"14":0,"15":0,"16":0,"17":0,"18":2,"19":0,"20":0,"21":0,"22":0,"23":0,"24":0,"25":2,"26":0,"27":0,"28":0,"29":0,"30":0,"31":2,"32":0,"33":0,"34":0,"35":0,"36":0,"37":0,"38":0,"39":0,"40":0,"41":0,"42":0,"43":0,"44":0,"45":0,"46":0,"47":0,"48":0,"49":0,"50":0,"51":0,"52":0,"53":0,"54":0,"55":0,"56":0,"57":0,"58":0,"59":0,"60":0,"61":0,"62":0,"63":0,"64":0,"65":0,"66":0,"67":0,"68":0,"69":0,"70":0,"71":0,"72":2},"f":{"0":0,"1":0,"2":0,"3":0,"4":0},"b":{"0":[0],"1":[0,0],"2":[0,0],"3":[0,0],"4":[0,0],"5":[0,0],"6":[0,0,0,0],"7":[0,0],"8":[0,0],"9":[0,0],"10":[0,0],"11":[0,0],"12":[0,0],"13":[0,0],"14":[0,0],"15":[0,0],"16":[0,0],"17":[0,0],"18":[0,0],"19":[0,0],"20":[0,0],"21":[0,0],"22":[0,0],"23":[0,0],"24":[0,0]},"_coverageSchema":"1a1c01bbd47fc00a2c39e90264f33305004495a9","hash":"cde60050fb75e0302ddb7df29bb86e45d66245ec"}
,"C:\\Users\\user\\bot_bot\\backend\\src\\utils\\tokenGenerator.js": {"path":"C:\\Users\\user\\bot_bot\\backend\\src\\utils\\tokenGenerator.js","statementMap":{"0":{"start":{"line":4,"column":12},"end":{"line":4,"column":35}},"1":{"start":{"line":5,"column":15},"end":{"line":5,"column":34}},"2":{"start":{"line":12,"column":22},"end":{"line":27,"column":1}},"3":{"start":{"line":13,"column":2},"end":{"line":26,"column":3}},"4":{"start":{"line":14,"column":4},"end":{"line":22,"column":6}},"5":{"start":{"line":24,"column":4},"end":{"line":24,"column":61}},"6":{"start":{"line":25,"column":4},"end":{"line":25,"column":16}},"7":{"start":{"line":34,"column":20},"end":{"line":41,"column":1}},"8":{"start":{"line":35,"column":2},"end":{"line":40,"column":3}},"9":{"start":{"line":36,"column":4},"end":{"line":36,"column":53}},"10":{"start":{"line":38,"column":4},"end":{"line":38,"column":60}},"11":{"start":{"line":39,"column":4},"end":{"line":39,"column":16}},"12":{"start":{"line":43,"column":0},"end":{"line":46,"column":2}}},"fnMap":{"0":{"name":"(anonymous_0)","decl":{"start":{"line":12,"column":22},"end":{"line":12,"column":23}},"loc":{"start":{"line":12,"column":32},"end":{"line":27,"column":1}},"line":12},"1":{"name":"(anonymous_1)","decl":{"start":{"line":34,"column":20},"end":{"line":34,"column":21}},"loc":{"start":{"line":34,"column":31},"end":{"line":41,"column":1}},"line":34}},"branchMap":{"0":{"loc":{"start":{"line":21,"column":19},"end":{"line":21,"column":53}},"type":"binary-expr","locations":[{"start":{"line":21,"column":19},"end":{"line":21,"column":45}},{"start":{"line":21,"column":49},"end":{"line":21,"column":53}}],"line":21}},"s":{"0":1,"1":1,"2":1,"3":0,"4":0,"5":0,"6":0,"7":1,"8":0,"9":0,"10":0,"11":0,"12":1},"f":{"0":0,"1":0},"b":{"0":[0,0]},"_coverageSchema":"1a1c01bbd47fc00a2c39e90264f33305004495a9","hash":"350dc23a3e4bfe7e2c54dba23e8eb7e0829b8eb1"}
}
