TN:
SF:src\config\redis.js
FN:6,(anonymous_0)
FNF:1
FNH:0
FNDA:0,(anonymous_0)
DA:1,5
DA:7,0
DA:8,0
DA:20,5
LF:4
LH:2
BRDA:2,0,0,5
BRDA:2,0,1,5
BRDA:3,1,0,5
BRDA:3,1,1,5
BRDA:5,2,0,5
BRDA:5,2,1,0
BRDA:14,3,0,5
BRDA:14,3,1,5
BRF:8
BRH:7
end_of_record
TN:
SF:src\config\sentry.js
FN:25,(anonymous_0)
FN:71,(anonymous_1)
FN:100,(anonymous_2)
FN:123,(anonymous_3)
FN:128,(anonymous_4)
FN:143,(anonymous_5)
FN:151,(anonymous_6)
FN:155,(anonymous_7)
FN:162,(anonymous_8)
FN:175,(anonymous_9)
FN:183,(anonymous_10)
FN:190,(anonymous_11)
FN:220,(anonymous_12)
FN:228,(anonymous_13)
FN:235,(anonymous_14)
FN:260,(anonymous_15)
FN:263,mainHandler
FN:290,messageHandler
FNF:18
FNH:0
FNDA:0,(anonymous_0)
FNDA:0,(anonymous_1)
FNDA:0,(anonymous_2)
FNDA:0,(anonymous_3)
FNDA:0,(anonymous_4)
FNDA:0,(anonymous_5)
FNDA:0,(anonymous_6)
FNDA:0,(anonymous_7)
FNDA:0,(anonymous_8)
FNDA:0,(anonymous_9)
FNDA:0,(anonymous_10)
FNDA:0,(anonymous_11)
FNDA:0,(anonymous_12)
FNDA:0,(anonymous_13)
FNDA:0,(anonymous_14)
FNDA:0,(anonymous_15)
FNDA:0,mainHandler
FNDA:0,messageHandler
DA:5,5
DA:6,5
DA:7,5
DA:11,5
DA:13,5
DA:14,5
DA:16,0
DA:17,0
DA:25,5
DA:27,0
DA:29,0
DA:30,0
DA:31,0
DA:34,0
DA:36,0
DA:44,0
DA:45,0
DA:46,0
DA:47,0
DA:49,0
DA:54,0
DA:72,0
DA:75,0
DA:76,0
DA:77,0
DA:81,0
DA:82,0
DA:83,0
DA:86,0
DA:87,0
DA:91,0
DA:92,0
DA:93,0
DA:98,0
DA:99,0
DA:100,0
DA:101,0
DA:102,0
DA:107,0
DA:111,0
DA:112,0
DA:114,0
DA:115,0
DA:123,5
DA:124,0
DA:126,0
DA:128,0
DA:131,0
DA:133,0
DA:142,0
DA:143,0
DA:151,5
DA:152,0
DA:154,0
DA:155,0
DA:158,0
DA:159,0
DA:161,0
DA:162,0
DA:175,5
DA:176,0
DA:177,0
DA:178,0
DA:181,0
DA:183,0
DA:185,0
DA:186,0
DA:190,0
DA:191,0
DA:195,0
DA:196,0
DA:200,0
DA:203,0
DA:206,0
DA:207,0
DA:220,5
DA:221,0
DA:222,0
DA:223,0
DA:226,0
DA:228,0
DA:230,0
DA:231,0
DA:235,0
DA:236,0
DA:240,0
DA:241,0
DA:245,0
DA:248,0
DA:251,0
DA:252,0
DA:260,5
DA:262,0
DA:263,0
DA:265,0
DA:266,0
DA:268,0
DA:271,0
DA:282,0
DA:290,0
DA:292,0
DA:294,0
DA:306,0
DA:312,0
DA:317,5
LF:105
LH:13
BRDA:29,0,0,0
BRDA:29,0,1,0
BRDA:44,1,0,0
BRDA:44,1,1,0
BRDA:56,2,0,0
BRDA:56,2,1,0
BRDA:60,3,0,0
BRDA:60,3,1,0
BRDA:61,4,0,0
BRDA:61,4,1,0
BRDA:67,5,0,0
BRDA:67,5,1,0
BRDA:68,6,0,0
BRDA:68,6,1,0
BRDA:72,7,0,0
BRDA:72,7,1,0
BRDA:75,8,0,0
BRDA:75,8,1,0
BRDA:75,9,0,0
BRDA:75,9,1,0
BRDA:76,10,0,0
BRDA:76,10,1,0
BRDA:81,11,0,0
BRDA:81,11,1,0
BRDA:81,12,0,0
BRDA:81,12,1,0
BRDA:86,13,0,0
BRDA:86,13,1,0
BRDA:91,14,0,0
BRDA:91,14,1,0
BRDA:91,15,0,0
BRDA:91,15,1,0
BRDA:98,16,0,0
BRDA:98,16,1,0
BRDA:98,17,0,0
BRDA:98,17,1,0
BRDA:101,18,0,0
BRDA:101,18,1,0
BRDA:126,19,0,0
BRDA:126,19,1,0
BRDA:135,20,0,0
BRDA:135,20,1,0
BRDA:154,21,0,0
BRDA:154,21,1,0
BRDA:175,22,0,0
BRDA:175,23,0,0
BRDA:175,24,0,0
BRDA:175,25,0,0
BRDA:175,26,0,0
BRDA:176,27,0,0
BRDA:176,27,1,0
BRDA:185,28,0,0
BRDA:185,28,1,0
BRDA:195,29,0,0
BRDA:195,29,1,0
BRDA:220,30,0,0
BRDA:220,31,0,0
BRDA:220,32,0,0
BRDA:220,33,0,0
BRDA:220,34,0,0
BRDA:221,35,0,0
BRDA:221,35,1,0
BRDA:230,36,0,0
BRDA:230,36,1,0
BRDA:240,37,0,0
BRDA:240,37,1,0
BRDA:262,38,0,0
BRDA:262,38,1,0
BRDA:262,39,0,0
BRDA:262,39,1,0
BRDA:285,40,0,0
BRDA:285,40,1,0
BRF:72
BRH:0
end_of_record
TN:
SF:src\config\telegram.js
FN:15,(anonymous_0)
FN:40,(anonymous_1)
FN:41,(anonymous_2)
FN:53,(anonymous_3)
FN:75,(anonymous_4)
FN:95,(anonymous_5)
FN:120,(anonymous_6)
FN:157,(anonymous_7)
FN:204,(anonymous_8)
FN:250,(anonymous_9)
FN:283,(anonymous_10)
FNF:11
FNH:0
FNDA:0,(anonymous_0)
FNDA:0,(anonymous_1)
FNDA:0,(anonymous_2)
FNDA:0,(anonymous_3)
FNDA:0,(anonymous_4)
FNDA:0,(anonymous_5)
FNDA:0,(anonymous_6)
FNDA:0,(anonymous_7)
FNDA:0,(anonymous_8)
FNDA:0,(anonymous_9)
FNDA:0,(anonymous_10)
DA:5,5
DA:6,5
DA:9,5
DA:10,5
DA:15,5
DA:16,0
DA:18,0
DA:19,0
DA:20,0
DA:23,0
DA:25,0
DA:27,0
DA:28,0
DA:29,0
DA:32,0
DA:33,0
DA:36,0
DA:39,0
DA:40,0
DA:41,0
DA:43,0
DA:49,0
DA:50,0
DA:53,0
DA:54,0
DA:57,0
DA:63,0
DA:64,0
DA:75,5
DA:76,0
DA:77,0
DA:78,0
DA:79,0
DA:82,0
DA:84,0
DA:85,0
DA:95,5
DA:96,0
DA:98,0
DA:103,0
DA:120,5
DA:121,0
DA:123,0
DA:124,0
DA:126,0
DA:127,0
DA:129,0
DA:130,0
DA:132,0
DA:133,0
DA:135,0
DA:138,0
DA:141,0
DA:157,5
DA:158,0
DA:159,0
DA:160,0
DA:161,0
DA:165,0
DA:167,0
DA:168,0
DA:169,0
DA:173,0
DA:181,0
DA:190,0
DA:191,0
DA:193,0
DA:194,0
DA:204,5
DA:205,0
DA:206,0
DA:207,0
DA:208,0
DA:212,0
DA:214,0
DA:215,0
DA:216,0
DA:220,0
DA:227,0
DA:236,0
DA:237,0
DA:239,0
DA:240,0
DA:250,5
DA:251,0
DA:252,0
DA:253,0
DA:254,0
DA:258,0
DA:260,0
DA:261,0
DA:262,0
DA:266,0
DA:267,0
DA:269,0
DA:270,0
DA:272,0
DA:273,0
DA:275,0
DA:276,0
DA:278,0
DA:282,0
DA:283,0
DA:284,0
DA:285,0
DA:289,0
DA:294,0
DA:304,0
DA:305,0
DA:307,0
DA:308,0
DA:313,5
LF:112
LH:12
BRDA:18,0,0,0
BRDA:18,0,1,0
BRDA:23,1,0,0
BRDA:23,1,1,0
BRDA:27,2,0,0
BRDA:27,2,1,0
BRDA:75,3,0,0
BRDA:77,4,0,0
BRDA:77,4,1,0
BRDA:96,5,0,0
BRDA:96,5,1,0
BRDA:96,6,0,0
BRDA:96,6,1,0
BRDA:121,7,0,0
BRDA:121,7,1,0
BRDA:121,8,0,0
BRDA:121,8,1,0
BRDA:124,9,0,0
BRDA:124,9,1,0
BRDA:124,9,2,0
BRDA:124,9,3,0
BRDA:159,10,0,0
BRDA:159,10,1,0
BRDA:167,11,0,0
BRDA:167,11,1,0
BRDA:174,12,0,0
BRDA:174,12,1,0
BRDA:206,13,0,0
BRDA:206,13,1,0
BRDA:214,14,0,0
BRDA:214,14,1,0
BRDA:221,15,0,0
BRDA:221,15,1,0
BRDA:250,16,0,0
BRDA:252,17,0,0
BRDA:252,17,1,0
BRDA:260,18,0,0
BRDA:260,18,1,0
BRDA:267,19,0,0
BRDA:267,19,1,0
BRDA:267,19,2,0
BRDA:267,19,3,0
BRDA:284,20,0,0
BRDA:284,20,1,0
BRDA:284,21,0,0
BRDA:284,21,1,0
BRDA:285,22,0,0
BRDA:285,22,1,0
BRF:48
BRH:0
end_of_record
TN:
SF:src\controllers\adminController.js
FN:13,(anonymous_0)
FN:59,(anonymous_1)
FN:116,(anonymous_2)
FN:166,(anonymous_3)
FN:196,(anonymous_4)
FN:254,(anonymous_5)
FN:287,(anonymous_6)
FN:318,(anonymous_7)
FN:333,(anonymous_8)
FN:352,(anonymous_9)
FN:391,(anonymous_10)
FN:418,(anonymous_11)
FN:422,(anonymous_12)
FN:445,(anonymous_13)
FN:483,(anonymous_14)
FN:522,(anonymous_15)
FN:544,(anonymous_16)
FN:589,(anonymous_17)
FN:609,(anonymous_18)
FN:674,(anonymous_19)
FN:703,(anonymous_20)
FN:713,(anonymous_21)
FN:722,(anonymous_22)
FN:765,(anonymous_23)
FN:775,(anonymous_24)
FN:797,(anonymous_25)
FNF:26
FNH:0
FNDA:0,(anonymous_0)
FNDA:0,(anonymous_1)
FNDA:0,(anonymous_2)
FNDA:0,(anonymous_3)
FNDA:0,(anonymous_4)
FNDA:0,(anonymous_5)
FNDA:0,(anonymous_6)
FNDA:0,(anonymous_7)
FNDA:0,(anonymous_8)
FNDA:0,(anonymous_9)
FNDA:0,(anonymous_10)
FNDA:0,(anonymous_11)
FNDA:0,(anonymous_12)
FNDA:0,(anonymous_13)
FNDA:0,(anonymous_14)
FNDA:0,(anonymous_15)
FNDA:0,(anonymous_16)
FNDA:0,(anonymous_17)
FNDA:0,(anonymous_18)
FNDA:0,(anonymous_19)
FNDA:0,(anonymous_20)
FNDA:0,(anonymous_21)
FNDA:0,(anonymous_22)
FNDA:0,(anonymous_23)
FNDA:0,(anonymous_24)
FNDA:0,(anonymous_25)
DA:4,1
DA:5,1
DA:6,1
DA:7,1
DA:8,1
DA:13,1
DA:14,0
DA:16,0
DA:18,0
DA:19,0
DA:26,0
DA:32,0
DA:38,0
DA:48,0
DA:49,0
DA:59,1
DA:60,0
DA:61,0
DA:62,0
DA:63,0
DA:66,0
DA:68,0
DA:69,0
DA:72,0
DA:73,0
DA:76,0
DA:77,0
DA:84,0
DA:87,0
DA:93,0
DA:105,0
DA:106,0
DA:116,1
DA:117,0
DA:118,0
DA:121,0
DA:122,0
DA:129,0
DA:130,0
DA:137,0
DA:147,0
DA:149,0
DA:155,0
DA:156,0
DA:166,1
DA:167,0
DA:168,0
DA:170,0
DA:172,0
DA:173,0
DA:179,0
DA:185,0
DA:186,0
DA:196,1
DA:197,0
DA:198,0
DA:199,0
DA:202,0
DA:204,0
DA:205,0
DA:212,0
DA:213,0
DA:220,0
DA:221,0
DA:228,0
DA:229,0
DA:230,0
DA:231,0
DA:232,0
DA:233,0
DA:235,0
DA:237,0
DA:243,0
DA:244,0
DA:254,1
DA:255,0
DA:256,0
DA:259,0
DA:261,0
DA:262,0
DA:269,0
DA:271,0
DA:276,0
DA:277,0
DA:287,1
DA:288,0
DA:289,0
DA:290,0
DA:291,0
DA:293,0
DA:299,0
DA:301,0
DA:310,0
DA:311,0
DA:318,1
DA:319,0
DA:320,0
DA:322,0
DA:324,0
DA:325,0
DA:329,0
DA:330,0
DA:332,0
DA:333,0
DA:336,0
DA:342,0
DA:344,0
DA:345,0
DA:352,1
DA:353,0
DA:354,0
DA:355,0
DA:358,0
DA:360,0
DA:361,0
DA:368,0
DA:369,0
DA:372,0
DA:374,0
DA:380,0
DA:381,0
DA:391,1
DA:392,0
DA:393,0
DA:395,0
DA:396,0
DA:403,0
DA:406,0
DA:411,0
DA:416,0
DA:419,0
DA:420,0
DA:423,0
DA:424,0
DA:428,0
DA:434,0
DA:435,0
DA:445,1
DA:446,0
DA:447,0
DA:448,0
DA:450,0
DA:451,0
DA:454,0
DA:460,0
DA:461,0
DA:464,0
DA:466,0
DA:475,0
DA:476,0
DA:483,1
DA:484,0
DA:485,0
DA:488,0
DA:491,0
DA:493,0
DA:494,0
DA:501,0
DA:502,0
DA:505,0
DA:511,0
DA:512,0
DA:522,1
DA:523,0
DA:525,0
DA:528,0
DA:534,0
DA:535,0
DA:537,0
DA:542,0
DA:543,0
DA:544,0
DA:548,0
DA:549,0
DA:551,0
DA:552,0
DA:553,0
DA:554,0
DA:556,0
DA:557,0
DA:559,0
DA:566,0
DA:573,0
DA:581,0
DA:582,0
DA:589,1
DA:590,0
DA:591,0
DA:597,0
DA:599,0
DA:600,0
DA:609,1
DA:610,0
DA:611,0
DA:613,0
DA:614,0
DA:620,0
DA:623,0
DA:625,0
DA:626,0
DA:627,0
DA:629,0
DA:630,0
DA:631,0
DA:632,0
DA:635,0
DA:639,0
DA:641,0
DA:642,0
DA:645,0
DA:646,0
DA:647,0
DA:650,0
DA:655,0
DA:661,0
DA:662,0
DA:674,1
DA:675,0
DA:676,0
DA:677,0
DA:679,0
DA:680,0
DA:686,0
DA:687,0
DA:690,0
DA:693,0
DA:694,0
DA:695,0
DA:698,0
DA:699,0
DA:703,0
DA:706,0
DA:709,0
DA:712,0
DA:714,0
DA:715,0
DA:718,0
DA:721,0
DA:723,0
DA:725,0
DA:735,0
DA:744,0
DA:751,0
DA:752,0
DA:765,1
DA:766,0
DA:767,0
DA:771,0
DA:774,0
DA:775,0
DA:776,0
DA:780,0
DA:783,0
DA:787,0
DA:788,0
DA:795,0
DA:797,0
DA:798,0
DA:799,0
DA:801,0
DA:805,0
DA:806,0
DA:809,0
DA:810,0
DA:811,0
DA:814,0
DA:817,0
DA:820,0
DA:821,0
DA:823,0
DA:824,0
DA:825,0
DA:828,0
DA:831,0
DA:832,0
DA:835,0
DA:840,0
DA:841,0
DA:845,0
DA:846,0
DA:850,0
DA:851,0
DA:854,0
DA:865,0
DA:866,0
LF:285
LH:22
BRDA:18,0,0,0
BRDA:18,0,1,0
BRDA:61,1,0,0
BRDA:61,1,1,0
BRDA:62,2,0,0
BRDA:62,2,1,0
BRDA:68,3,0,0
BRDA:68,3,1,0
BRDA:72,4,0,0
BRDA:72,4,1,0
BRDA:76,5,0,0
BRDA:76,5,1,0
BRDA:121,6,0,0
BRDA:121,6,1,0
BRDA:121,7,0,0
BRDA:121,7,1,0
BRDA:121,7,2,0
BRDA:121,7,3,0
BRDA:121,7,4,0
BRDA:129,8,0,0
BRDA:129,8,1,0
BRDA:129,9,0,0
BRDA:129,9,1,0
BRDA:142,10,0,0
BRDA:142,10,1,0
BRDA:143,11,0,0
BRDA:143,11,1,0
BRDA:172,12,0,0
BRDA:172,12,1,0
BRDA:204,13,0,0
BRDA:204,13,1,0
BRDA:212,14,0,0
BRDA:212,14,1,0
BRDA:212,15,0,0
BRDA:212,15,1,0
BRDA:212,15,2,0
BRDA:212,15,3,0
BRDA:212,15,4,0
BRDA:220,16,0,0
BRDA:220,16,1,0
BRDA:220,17,0,0
BRDA:220,17,1,0
BRDA:232,18,0,0
BRDA:232,18,1,0
BRDA:233,19,0,0
BRDA:233,19,1,0
BRDA:261,20,0,0
BRDA:261,20,1,0
BRDA:289,21,0,0
BRDA:289,21,1,0
BRDA:290,22,0,0
BRDA:290,22,1,0
BRDA:324,23,0,0
BRDA:324,23,1,0
BRDA:332,24,0,0
BRDA:332,24,1,0
BRDA:360,25,0,0
BRDA:360,25,1,0
BRDA:368,26,0,0
BRDA:368,26,1,0
BRDA:395,27,0,0
BRDA:395,27,1,0
BRDA:450,28,0,0
BRDA:450,28,1,0
BRDA:450,29,0,0
BRDA:450,29,1,0
BRDA:460,30,0,0
BRDA:460,30,1,0
BRDA:493,31,0,0
BRDA:493,31,1,0
BRDA:543,32,0,0
BRDA:543,32,1,0
BRDA:613,33,0,0
BRDA:613,33,1,0
BRDA:613,34,0,0
BRDA:613,34,1,0
BRDA:623,35,0,0
BRDA:623,35,1,0
BRDA:627,36,0,0
BRDA:627,36,1,0
BRDA:641,37,0,0
BRDA:641,37,1,0
BRDA:645,38,0,0
BRDA:645,38,1,0
BRDA:679,39,0,0
BRDA:679,39,1,0
BRDA:679,40,0,0
BRDA:679,40,1,0
BRDA:690,41,0,0
BRDA:690,41,1,0
BRDA:695,42,0,0
BRDA:695,42,1,0
BRDA:728,43,0,0
BRDA:728,43,1,0
BRDA:729,44,0,0
BRDA:729,44,1,0
BRDA:730,45,0,0
BRDA:730,45,1,0
BRDA:774,46,0,0
BRDA:774,46,1,0
BRDA:787,47,0,0
BRDA:787,47,1,0
BRDA:798,48,0,0
BRDA:798,48,1,0
BRDA:810,49,0,0
BRDA:810,49,1,0
BRDA:817,50,0,0
BRDA:817,50,1,0
BRDA:831,51,0,0
BRDA:831,51,1,0
BRF:110
BRH:0
end_of_record
TN:
SF:src\controllers\gameController.js
FN:15,(anonymous_0)
FN:73,(anonymous_1)
FN:105,(anonymous_2)
FN:118,(anonymous_3)
FN:128,(anonymous_4)
FN:191,(anonymous_5)
FN:219,(anonymous_6)
FN:221,(anonymous_7)
FN:231,(anonymous_8)
FN:245,(anonymous_9)
FN:265,calculatePoints
FN:290,getWeekNumber
FNF:12
FNH:10
FNDA:0,(anonymous_0)
FNDA:2,(anonymous_1)
FNDA:5,(anonymous_2)
FNDA:5,(anonymous_3)
FNDA:1,(anonymous_4)
FNDA:1,(anonymous_5)
FNDA:2,(anonymous_6)
FNDA:2,(anonymous_7)
FNDA:1,(anonymous_8)
FNDA:2,(anonymous_9)
FNDA:1,calculatePoints
FNDA:0,getWeekNumber
DA:4,1
DA:5,1
DA:6,1
DA:7,1
DA:8,1
DA:9,1
DA:15,1
DA:16,0
DA:18,0
DA:20,0
DA:21,0
DA:28,0
DA:45,0
DA:46,0
DA:53,0
DA:55,0
DA:60,0
DA:61,0
DA:73,1
DA:74,2
DA:77,2
DA:82,2
DA:83,1
DA:90,1
DA:95,1
DA:96,0
DA:103,1
DA:105,5
DA:112,1
DA:118,5
DA:128,1
DA:129,1
DA:131,1
DA:136,1
DA:137,0
DA:143,1
DA:144,1
DA:145,0
DA:151,1
DA:152,1
DA:155,1
DA:163,1
DA:164,1
DA:165,1
DA:167,1
DA:168,1
DA:169,1
DA:172,1
DA:174,1
DA:191,1
DA:192,1
DA:197,1
DA:198,0
DA:204,1
DA:205,1
DA:206,1
DA:209,1
DA:210,1
DA:211,1
DA:212,1
DA:213,1
DA:215,1
DA:219,2
DA:221,2
DA:231,1
DA:232,1
DA:237,1
DA:238,0
DA:245,1
DA:246,2
DA:247,1
DA:248,0
DA:250,1
DA:253,0
DA:266,1
DA:268,1
DA:274,1
DA:275,1
DA:278,1
DA:292,0
DA:295,0
DA:298,0
DA:301,0
DA:304,0
LF:84
LH:61
BRDA:20,0,0,0
BRDA:20,0,1,0
BRDA:45,1,0,0
BRDA:45,1,1,0
BRDA:82,2,0,1
BRDA:82,2,1,1
BRDA:91,3,0,1
BRDA:91,3,1,0
BRDA:95,4,0,0
BRDA:95,4,1,1
BRDA:136,5,0,0
BRDA:136,5,1,1
BRDA:144,6,0,0
BRDA:144,6,1,1
BRDA:165,7,0,1
BRDA:165,7,1,0
BRDA:167,8,0,1
BRDA:167,8,1,0
BRDA:197,9,0,0
BRDA:197,9,1,1
BRDA:237,10,0,0
BRDA:237,10,1,1
BRDA:246,11,0,1
BRDA:246,11,1,1
BRDA:266,12,0,0
BRDA:266,12,1,1
BRDA:268,13,0,1
BRDA:268,13,1,1
BRDA:295,14,0,0
BRDA:295,14,1,0
BRF:30
BRH:15
end_of_record
TN:
SF:src\controllers\leaderboardController.js
FN:21,(anonymous_0)
FN:97,(anonymous_1)
FN:115,(anonymous_2)
FN:140,(anonymous_3)
FN:159,(anonymous_4)
FN:187,(anonymous_5)
FN:203,(anonymous_6)
FNF:7
FNH:0
FNDA:0,(anonymous_0)
FNDA:0,(anonymous_1)
FNDA:0,(anonymous_2)
FNDA:0,(anonymous_3)
FNDA:0,(anonymous_4)
FNDA:0,(anonymous_5)
FNDA:0,(anonymous_6)
DA:4,5
DA:5,5
DA:6,5
DA:7,5
DA:8,5
DA:9,5
DA:10,5
DA:11,5
DA:12,5
DA:21,5
DA:28,0
DA:30,0
DA:33,0
DA:35,0
DA:37,0
DA:78,0
DA:83,0
DA:86,0
DA:87,0
DA:91,0
DA:94,0
DA:97,0
DA:102,0
DA:115,5
DA:116,0
DA:117,0
DA:119,0
DA:122,0
DA:124,0
DA:126,0
DA:137,0
DA:140,0
DA:141,0
DA:143,0
DA:150,0
DA:153,0
DA:160,0
DA:163,0
DA:165,0
DA:166,0
DA:168,0
DA:169,0
DA:171,0
DA:172,0
DA:174,0
DA:177,0
DA:188,0
DA:190,0
DA:192,0
DA:194,0
DA:196,0
DA:204,0
DA:206,0
DA:208,0
DA:210,0
DA:212,0
DA:217,5
LF:57
LH:12
BRDA:23,0,0,0
BRDA:24,1,0,0
BRDA:25,2,0,0
BRDA:26,3,0,0
BRDA:27,4,0,0
BRDA:35,5,0,0
BRDA:35,5,1,0
BRDA:117,6,0,0
BRDA:117,7,0,0
BRDA:124,8,0,0
BRDA:124,8,1,0
BRDA:163,9,0,0
BRDA:163,9,1,0
BRDA:163,9,2,0
BRDA:163,9,3,0
BRDA:188,10,0,0
BRDA:188,10,1,0
BRDA:188,10,2,0
BRDA:188,10,3,0
BRDA:204,11,0,0
BRDA:204,11,1,0
BRDA:204,11,2,0
BRDA:204,11,3,0
BRF:23
BRH:0
end_of_record
TN:
SF:src\controllers\userController.js
FN:21,(anonymous_0)
FN:105,(anonymous_1)
FN:133,(anonymous_2)
FN:160,(anonymous_3)
FN:162,(anonymous_4)
FN:163,(anonymous_5)
FN:178,(anonymous_6)
FN:198,(anonymous_7)
FN:205,(anonymous_8)
FN:228,(anonymous_9)
FN:276,(anonymous_10)
FN:309,(anonymous_11)
FN:393,(anonymous_12)
FN:554,handleDebugLogin
FN:628,(anonymous_14)
FN:695,(anonymous_15)
FN:754,(anonymous_16)
FNF:17
FNH:2
FNDA:0,(anonymous_0)
FNDA:0,(anonymous_1)
FNDA:0,(anonymous_2)
FNDA:0,(anonymous_3)
FNDA:0,(anonymous_4)
FNDA:0,(anonymous_5)
FNDA:0,(anonymous_6)
FNDA:0,(anonymous_7)
FNDA:0,(anonymous_8)
FNDA:3,(anonymous_9)
FNDA:4,(anonymous_10)
FNDA:0,(anonymous_11)
FNDA:0,(anonymous_12)
FNDA:0,handleDebugLogin
FNDA:0,(anonymous_14)
FNDA:0,(anonymous_15)
FNDA:0,(anonymous_16)
DA:4,1
DA:5,1
DA:6,1
DA:7,1
DA:8,1
DA:9,1
DA:10,1
DA:11,1
DA:12,1
DA:13,1
DA:14,1
DA:15,1
DA:21,1
DA:22,0
DA:23,0
DA:25,0
DA:26,0
DA:33,0
DA:35,0
DA:37,0
DA:53,0
DA:67,0
DA:71,0
DA:74,0
DA:76,0
DA:93,0
DA:94,0
DA:105,1
DA:106,0
DA:109,0
DA:111,0
DA:112,0
DA:116,0
DA:117,0
DA:121,0
DA:124,0
DA:133,1
DA:134,0
DA:135,0
DA:138,0
DA:140,0
DA:141,0
DA:145,0
DA:146,0
DA:149,0
DA:155,0
DA:159,0
DA:160,0
DA:161,0
DA:163,0
DA:168,0
DA:178,1
DA:179,0
DA:180,0
DA:182,0
DA:183,0
DA:187,0
DA:189,0
DA:191,0
DA:194,0
DA:197,0
DA:198,0
DA:205,0
DA:216,0
DA:219,0
DA:228,1
DA:229,3
DA:230,3
DA:233,3
DA:239,2
DA:241,2
DA:265,1
DA:266,1
DA:276,1
DA:277,4
DA:278,4
DA:281,3
DA:282,3
DA:284,3
DA:285,3
DA:291,0
DA:298,1
DA:299,1
DA:309,1
DA:310,0
DA:311,0
DA:313,0
DA:314,0
DA:320,0
DA:333,0
DA:334,0
DA:341,0
DA:343,0
DA:344,0
DA:345,0
DA:348,0
DA:349,0
DA:352,0
DA:357,0
DA:361,0
DA:380,0
DA:381,0
DA:393,1
DA:394,0
DA:395,0
DA:397,0
DA:398,0
DA:399,0
DA:401,0
DA:403,0
DA:404,0
DA:405,0
DA:408,0
DA:409,0
DA:416,0
DA:419,0
DA:420,0
DA:421,0
DA:423,0
DA:426,0
DA:427,0
DA:429,0
DA:431,0
DA:432,0
DA:434,0
DA:437,0
DA:438,0
DA:439,0
DA:441,0
DA:455,0
DA:457,0
DA:459,0
DA:460,0
DA:461,0
DA:467,0
DA:470,0
DA:472,0
DA:475,0
DA:476,0
DA:477,0
DA:492,0
DA:493,0
DA:496,0
DA:497,0
DA:498,0
DA:499,0
DA:500,0
DA:501,0
DA:502,0
DA:504,0
DA:505,0
DA:509,0
DA:510,0
DA:516,0
DA:517,0
DA:519,0
DA:538,0
DA:539,0
DA:540,0
DA:541,0
DA:555,0
DA:556,0
DA:559,0
DA:562,0
DA:564,0
DA:565,0
DA:578,0
DA:579,0
DA:583,0
DA:584,0
DA:590,0
DA:591,0
DA:593,0
DA:613,0
DA:614,0
DA:615,0
DA:628,1
DA:629,0
DA:631,0
DA:632,0
DA:639,0
DA:677,0
DA:682,0
DA:683,0
DA:695,1
DA:696,0
DA:698,0
DA:699,0
DA:705,0
DA:707,0
DA:708,0
DA:715,0
DA:721,0
DA:722,0
DA:728,0
DA:730,0
DA:742,0
DA:743,0
DA:754,1
DA:755,0
DA:756,0
DA:758,0
DA:759,0
DA:760,0
DA:764,0
DA:765,0
DA:766,0
DA:767,0
DA:772,0
DA:779,0
DA:782,0
DA:784,0
LF:212
LH:38
BRDA:25,0,0,0
BRDA:25,0,1,0
BRDA:35,1,0,0
BRDA:35,1,1,0
BRDA:41,2,0,0
BRDA:41,2,1,0
BRDA:42,3,0,0
BRDA:42,3,1,0
BRDA:43,4,0,0
BRDA:43,4,1,0
BRDA:44,5,0,0
BRDA:44,5,1,0
BRDA:45,6,0,0
BRDA:45,6,1,0
BRDA:78,7,0,0
BRDA:78,7,1,0
BRDA:111,8,0,0
BRDA:111,8,1,0
BRDA:116,9,0,0
BRDA:116,9,1,0
BRDA:140,10,0,0
BRDA:140,10,1,0
BRDA:145,11,0,0
BRDA:145,11,1,0
BRDA:159,12,0,0
BRDA:159,12,1,0
BRDA:163,13,0,0
BRDA:163,13,1,0
BRDA:182,14,0,0
BRDA:182,14,1,0
BRDA:189,15,0,0
BRDA:189,15,1,0
BRDA:239,16,0,0
BRDA:239,16,1,2
BRDA:284,17,0,3
BRDA:284,17,1,0
BRDA:313,18,0,0
BRDA:313,18,1,0
BRDA:333,19,0,0
BRDA:333,19,1,0
BRDA:348,20,0,0
BRDA:348,20,1,0
BRDA:357,21,0,0
BRDA:357,21,1,0
BRDA:399,22,0,0
BRDA:399,22,1,0
BRDA:401,23,0,0
BRDA:401,23,1,0
BRDA:403,24,0,0
BRDA:403,24,1,0
BRDA:403,25,0,0
BRDA:403,25,1,0
BRDA:423,26,0,0
BRDA:423,26,1,0
BRDA:423,27,0,0
BRDA:423,27,1,0
BRDA:429,28,0,0
BRDA:429,28,1,0
BRDA:431,29,0,0
BRDA:431,29,1,0
BRDA:431,30,0,0
BRDA:431,30,1,0
BRDA:439,31,0,0
BRDA:439,31,1,0
BRDA:445,32,0,0
BRDA:445,32,1,0
BRDA:445,33,0,0
BRDA:445,33,1,0
BRDA:455,34,0,0
BRDA:455,34,1,0
BRDA:457,35,0,0
BRDA:457,35,1,0
BRDA:459,36,0,0
BRDA:459,36,1,0
BRDA:472,37,0,0
BRDA:472,37,1,0
BRDA:475,38,0,0
BRDA:475,38,1,0
BRDA:479,39,0,0
BRDA:479,39,1,0
BRDA:480,40,0,0
BRDA:480,40,1,0
BRDA:481,41,0,0
BRDA:481,41,1,0
BRDA:482,42,0,0
BRDA:482,42,1,0
BRDA:483,43,0,0
BRDA:483,43,1,0
BRDA:497,44,0,0
BRDA:497,44,1,0
BRDA:498,45,0,0
BRDA:498,45,1,0
BRDA:499,46,0,0
BRDA:499,46,1,0
BRDA:500,47,0,0
BRDA:500,47,1,0
BRDA:501,48,0,0
BRDA:501,48,1,0
BRDA:513,49,0,0
BRDA:513,49,1,0
BRDA:544,50,0,0
BRDA:544,50,1,0
BRDA:559,51,0,0
BRDA:559,51,1,0
BRDA:564,52,0,0
BRDA:564,52,1,0
BRDA:604,53,0,0
BRDA:604,53,1,0
BRDA:618,54,0,0
BRDA:618,54,1,0
BRDA:631,55,0,0
BRDA:631,55,1,0
BRDA:698,56,0,0
BRDA:698,56,1,0
BRDA:707,57,0,0
BRDA:707,57,1,0
BRDA:721,58,0,0
BRDA:721,58,1,0
BRDA:759,59,0,0
BRDA:759,59,1,0
BRDA:764,60,0,0
BRDA:764,60,1,0
BRDA:764,61,0,0
BRDA:764,61,1,0
BRDA:766,62,0,0
BRDA:766,62,1,0
BRDA:773,63,0,0
BRDA:773,63,1,0
BRDA:774,64,0,0
BRDA:774,64,1,0
BRDA:775,65,0,0
BRDA:775,65,1,0
BRDA:776,66,0,0
BRDA:776,66,1,0
BRF:134
BRH:2
end_of_record
TN:
SF:src\middlewares\errorMiddleware.js
FN:4,(anonymous_0)
FN:18,(anonymous_1)
FN:18,(anonymous_2)
FN:22,(anonymous_3)
FNF:4
FNH:2
FNDA:0,(anonymous_0)
FNDA:18,(anonymous_1)
FNDA:5,(anonymous_2)
FNDA:0,(anonymous_3)
DA:1,5
DA:5,0
DA:6,0
DA:7,0
DA:8,0
DA:9,0
DA:11,0
DA:18,18
DA:19,5
DA:22,5
DA:23,0
DA:24,0
DA:27,0
DA:28,0
DA:30,0
DA:34,0
DA:35,0
DA:46,0
DA:47,0
DA:56,0
DA:63,5
LF:21
LH:5
BRDA:4,0,0,0
BRDA:4,1,0,0
BRDA:8,2,0,0
BRDA:8,2,1,0
BRDA:23,3,0,0
BRDA:23,3,1,0
BRDA:24,4,0,0
BRDA:24,4,1,0
BRDA:27,5,0,0
BRDA:27,5,1,0
BRDA:34,6,0,0
BRDA:34,6,1,0
BRDA:46,7,0,0
BRDA:46,7,1,0
BRF:14
BRH:0
end_of_record
TN:
SF:src\middlewares\validationMiddleware.js
FN:10,(anonymous_0)
FN:11,(anonymous_1)
FN:13,(anonymous_2)
FN:22,(anonymous_3)
FN:165,(anonymous_4)
FN:187,(anonymous_5)
FN:213,(anonymous_6)
FNF:7
FNH:0
FNDA:0,(anonymous_0)
FNDA:0,(anonymous_1)
FNDA:0,(anonymous_2)
FNDA:0,(anonymous_3)
FNDA:0,(anonymous_4)
FNDA:0,(anonymous_5)
FNDA:0,(anonymous_6)
DA:1,5
DA:2,5
DA:3,5
DA:4,5
DA:10,5
DA:11,0
DA:13,0
DA:16,0
DA:17,0
DA:18,0
DA:22,0
DA:27,0
DA:34,5
DA:64,5
DA:112,5
DA:140,5
DA:165,5
DA:166,0
DA:167,0
DA:169,0
DA:170,0
DA:173,0
DA:174,0
DA:177,0
DA:179,0
DA:180,0
DA:187,5
DA:188,0
DA:189,0
DA:191,0
DA:192,0
DA:195,0
DA:196,0
DA:199,0
DA:200,0
DA:203,0
DA:205,0
DA:206,0
DA:213,5
DA:214,0
DA:215,0
DA:218,0
DA:219,0
DA:220,0
DA:224,0
DA:225,0
DA:226,0
DA:230,0
DA:231,0
DA:234,0
DA:235,0
DA:238,0
DA:240,0
DA:241,0
DA:245,5
LF:55
LH:13
BRDA:17,0,0,0
BRDA:17,0,1,0
BRDA:169,1,0,0
BRDA:169,1,1,0
BRDA:173,2,0,0
BRDA:173,2,1,0
BRDA:173,3,0,0
BRDA:173,3,1,0
BRDA:191,4,0,0
BRDA:191,4,1,0
BRDA:191,5,0,0
BRDA:191,5,1,0
BRDA:191,5,2,0
BRDA:195,6,0,0
BRDA:195,6,1,0
BRDA:195,7,0,0
BRDA:195,7,1,0
BRDA:199,8,0,0
BRDA:199,8,1,0
BRDA:199,9,0,0
BRDA:199,9,1,0
BRDA:219,10,0,0
BRDA:219,10,1,0
BRDA:219,11,0,0
BRDA:219,11,1,0
BRDA:225,12,0,0
BRDA:225,12,1,0
BRDA:225,13,0,0
BRDA:225,13,1,0
BRDA:230,14,0,0
BRDA:230,14,1,0
BRDA:230,15,0,0
BRDA:230,15,1,0
BRDA:230,15,2,0
BRDA:234,16,0,0
BRDA:234,16,1,0
BRDA:234,17,0,0
BRDA:234,17,1,0
BRDA:234,17,2,0
BRF:39
BRH:0
end_of_record
TN:
SF:src\models\GameSession.js
FN:81,(anonymous_0)
FNF:1
FNH:0
FNDA:0,(anonymous_0)
DA:5,1
DA:7,1
DA:36,1
DA:83,0
DA:84,0
DA:85,0
DA:93,1
DA:94,1
DA:95,1
DA:97,1
LF:10
LH:7
BRF:0
BRH:0
end_of_record
TN:
SF:src\models\User.js
FNF:0
FNH:0
DA:5,2
DA:7,2
DA:22,2
DA:90,2
DA:92,2
LF:5
LH:5
BRF:0
BRH:0
end_of_record
TN:
SF:src\models\achievement.js
FNF:0
FNH:0
DA:1,1
DA:3,1
DA:72,1
DA:247,1
DA:248,1
DA:249,1
DA:250,1
DA:252,1
DA:254,1
LF:9
LH:9
BRF:0
BRH:0
end_of_record
TN:
SF:src\services\cacheService.js
FN:45,(anonymous_0)
FN:49,(anonymous_1)
FN:73,(anonymous_2)
FN:84,(anonymous_3)
FN:94,(anonymous_4)
FN:100,(anonymous_5)
FN:106,(anonymous_6)
FN:118,(anonymous_7)
FN:127,(anonymous_8)
FN:136,(anonymous_9)
FN:151,(anonymous_10)
FN:166,(anonymous_11)
FN:181,(anonymous_12)
FN:200,(anonymous_13)
FN:204,(anonymous_14)
FN:211,(anonymous_15)
FN:226,(anonymous_16)
FN:242,(anonymous_17)
FN:248,(anonymous_18)
FN:252,(anonymous_19)
FN:256,(anonymous_20)
FN:263,(anonymous_21)
FN:269,(anonymous_22)
FN:276,(anonymous_23)
FN:284,(anonymous_24)
FN:289,(anonymous_25)
FN:297,(anonymous_26)
FN:300,(anonymous_27)
FN:305,(anonymous_28)
FN:316,(anonymous_29)
FN:325,(anonymous_30)
FN:335,(anonymous_31)
FN:346,(anonymous_32)
FN:355,(anonymous_33)
FN:364,(anonymous_34)
FN:375,(anonymous_35)
FN:386,(anonymous_36)
FN:395,(anonymous_37)
FN:407,(anonymous_38)
FN:408,(anonymous_39)
FN:420,(anonymous_40)
FN:441,(anonymous_41)
FN:446,(anonymous_42)
FN:454,(anonymous_43)
FNF:44
FNH:1
FNDA:0,(anonymous_0)
FNDA:5,(anonymous_1)
FNDA:0,(anonymous_2)
FNDA:0,(anonymous_3)
FNDA:0,(anonymous_4)
FNDA:0,(anonymous_5)
FNDA:0,(anonymous_6)
FNDA:0,(anonymous_7)
FNDA:0,(anonymous_8)
FNDA:0,(anonymous_9)
FNDA:0,(anonymous_10)
FNDA:0,(anonymous_11)
FNDA:0,(anonymous_12)
FNDA:0,(anonymous_13)
FNDA:0,(anonymous_14)
FNDA:0,(anonymous_15)
FNDA:0,(anonymous_16)
FNDA:0,(anonymous_17)
FNDA:0,(anonymous_18)
FNDA:0,(anonymous_19)
FNDA:0,(anonymous_20)
FNDA:0,(anonymous_21)
FNDA:0,(anonymous_22)
FNDA:0,(anonymous_23)
FNDA:0,(anonymous_24)
FNDA:0,(anonymous_25)
FNDA:0,(anonymous_26)
FNDA:0,(anonymous_27)
FNDA:0,(anonymous_28)
FNDA:0,(anonymous_29)
FNDA:0,(anonymous_30)
FNDA:0,(anonymous_31)
FNDA:0,(anonymous_32)
FNDA:0,(anonymous_33)
FNDA:0,(anonymous_34)
FNDA:0,(anonymous_35)
FNDA:0,(anonymous_36)
FNDA:0,(anonymous_37)
FNDA:0,(anonymous_38)
FNDA:0,(anonymous_39)
FNDA:0,(anonymous_40)
FNDA:0,(anonymous_41)
FNDA:0,(anonymous_42)
FNDA:0,(anonymous_43)
DA:2,5
DA:6,5
DA:9,5
DA:32,5
DA:45,5
DA:46,5
DA:50,5
DA:51,5
DA:52,5
DA:53,5
DA:54,5
DA:57,5
DA:60,5
DA:63,5
DA:64,5
DA:67,5
DA:68,5
DA:69,0
DA:74,0
DA:75,0
DA:76,0
DA:79,0
DA:80,0
DA:83,0
DA:85,0
DA:86,0
DA:88,0
DA:94,0
DA:95,0
DA:96,0
DA:97,0
DA:100,0
DA:101,0
DA:102,0
DA:103,0
DA:106,0
DA:107,0
DA:108,0
DA:109,0
DA:113,0
DA:114,0
DA:119,0
DA:120,0
DA:121,0
DA:124,0
DA:125,0
DA:127,0
DA:128,0
DA:129,0
DA:131,0
DA:137,0
DA:138,0
DA:139,0
DA:142,0
DA:143,0
DA:146,0
DA:147,0
DA:152,0
DA:153,0
DA:154,0
DA:157,0
DA:158,0
DA:161,0
DA:162,0
DA:167,0
DA:168,0
DA:169,0
DA:172,0
DA:173,0
DA:176,0
DA:177,0
DA:182,0
DA:183,0
DA:184,0
DA:187,0
DA:188,0
DA:189,0
DA:191,0
DA:194,0
DA:195,0
DA:201,0
DA:205,0
DA:212,0
DA:213,0
DA:215,0
DA:216,0
DA:217,0
DA:218,0
DA:220,0
DA:227,0
DA:229,0
DA:231,0
DA:233,0
DA:235,0
DA:243,0
DA:244,0
DA:245,0
DA:249,0
DA:253,0
DA:257,0
DA:264,0
DA:265,0
DA:266,0
DA:270,0
DA:277,0
DA:278,0
DA:285,0
DA:286,0
DA:290,0
DA:297,0
DA:301,0
DA:306,0
DA:307,0
DA:308,0
DA:309,0
DA:311,0
DA:312,0
DA:317,0
DA:318,0
DA:319,0
DA:321,0
DA:326,0
DA:327,0
DA:328,0
DA:330,0
DA:336,0
DA:337,0
DA:338,0
DA:339,0
DA:341,0
DA:342,0
DA:347,0
DA:348,0
DA:349,0
DA:351,0
DA:356,0
DA:357,0
DA:358,0
DA:360,0
DA:365,0
DA:366,0
DA:367,0
DA:368,0
DA:370,0
DA:371,0
DA:376,0
DA:377,0
DA:378,0
DA:379,0
DA:381,0
DA:382,0
DA:387,0
DA:388,0
DA:389,0
DA:391,0
DA:396,0
DA:397,0
DA:398,0
DA:400,0
DA:408,0
DA:409,0
DA:410,0
DA:412,0
DA:421,0
DA:423,0
DA:424,0
DA:425,0
DA:427,0
DA:428,0
DA:431,0
DA:432,0
DA:433,0
DA:437,0
DA:442,0
DA:443,0
DA:447,0
DA:455,0
DA:460,5
DA:461,5
LF:179
LH:19
BRDA:2,0,0,5
BRDA:2,0,1,0
BRDA:50,1,0,5
BRDA:50,1,1,0
BRDA:68,2,0,0
BRDA:68,2,1,5
BRDA:75,3,0,0
BRDA:75,3,1,0
BRDA:79,4,0,0
BRDA:79,4,1,0
BRDA:85,5,0,0
BRDA:85,5,1,0
BRDA:119,6,0,0
BRDA:119,6,1,0
BRDA:138,7,0,0
BRDA:138,7,1,0
BRDA:143,8,0,0
BRDA:143,8,1,0
BRDA:151,9,0,0
BRDA:153,10,0,0
BRDA:153,10,1,0
BRDA:168,11,0,0
BRDA:168,11,1,0
BRDA:183,12,0,0
BRDA:183,12,1,0
BRDA:188,13,0,0
BRDA:188,13,1,0
BRDA:212,14,0,0
BRDA:212,14,1,0
BRDA:212,14,2,0
BRDA:215,15,0,0
BRDA:215,15,1,0
BRDA:217,16,0,0
BRDA:217,16,1,0
BRDA:227,17,0,0
BRDA:227,17,1,0
BRDA:227,17,2,0
BRDA:227,17,3,0
BRDA:309,18,0,0
BRDA:309,18,1,0
BRDA:339,19,0,0
BRDA:339,19,1,0
BRDA:368,20,0,0
BRDA:368,20,1,0
BRDA:379,21,0,0
BRDA:379,21,1,0
BRDA:421,22,0,0
BRDA:421,22,1,0
BRDA:431,23,0,0
BRDA:431,23,1,0
BRDA:443,24,0,0
BRDA:443,24,1,0
BRF:52
BRH:3
end_of_record
TN:
SF:src\services\gameLogicService.js
FN:39,(anonymous_0)
FN:42,(anonymous_1)
FN:43,(anonymous_2)
FN:46,(anonymous_3)
FN:83,(anonymous_4)
FN:87,(anonymous_5)
FN:122,(anonymous_6)
FN:138,(anonymous_7)
FN:139,(anonymous_8)
FN:141,(anonymous_9)
FN:143,(anonymous_10)
FN:220,(anonymous_11)
FN:236,(anonymous_12)
FN:257,(anonymous_13)
FN:333,(anonymous_14)
FNF:15
FNH:4
FNDA:2,(anonymous_0)
FNDA:14,(anonymous_1)
FNDA:14,(anonymous_2)
FNDA:14,(anonymous_3)
FNDA:0,(anonymous_4)
FNDA:0,(anonymous_5)
FNDA:0,(anonymous_6)
FNDA:0,(anonymous_7)
FNDA:0,(anonymous_8)
FNDA:0,(anonymous_9)
FNDA:0,(anonymous_10)
FNDA:0,(anonymous_11)
FNDA:0,(anonymous_12)
FNDA:0,(anonymous_13)
FNDA:0,(anonymous_14)
DA:1,3
DA:2,3
DA:3,3
DA:4,3
DA:5,3
DA:8,3
DA:16,3
DA:25,3
DA:39,3
DA:40,2
DA:42,14
DA:43,14
DA:46,14
DA:47,2
DA:50,2
DA:51,2
DA:52,2
DA:57,2
DA:75,0
DA:76,0
DA:83,3
DA:84,0
DA:86,0
DA:87,0
DA:88,0
DA:92,0
DA:93,0
DA:94,0
DA:98,0
DA:104,0
DA:110,0
DA:112,0
DA:114,0
DA:115,0
DA:122,3
DA:123,0
DA:125,0
DA:126,0
DA:130,0
DA:131,0
DA:132,0
DA:136,0
DA:138,0
DA:139,0
DA:141,0
DA:143,0
DA:147,0
DA:148,0
DA:152,0
DA:168,0
DA:169,0
DA:173,0
DA:174,0
DA:178,0
DA:179,0
DA:183,0
DA:184,0
DA:188,0
DA:189,0
DA:193,0
DA:196,0
DA:199,0
DA:202,0
DA:210,0
DA:212,0
DA:213,0
DA:220,3
DA:221,0
DA:223,0
DA:229,0
DA:230,0
DA:234,0
DA:236,0
DA:244,0
DA:249,0
DA:250,0
DA:257,3
DA:258,0
DA:260,0
DA:261,0
DA:264,0
DA:265,0
DA:269,0
DA:270,0
DA:271,0
DA:275,0
DA:278,0
DA:279,0
DA:281,0
DA:284,0
DA:285,0
DA:288,0
DA:289,0
DA:294,0
DA:303,0
DA:304,0
DA:305,0
DA:307,0
DA:311,0
DA:312,0
DA:313,0
DA:317,0
DA:319,0
DA:327,0
DA:328,0
DA:333,3
DA:334,0
DA:335,0
DA:337,0
DA:343,0
DA:346,0
DA:353,0
DA:360,0
DA:366,0
DA:372,0
DA:375,0
DA:376,0
DA:380,3
LF:118
LH:24
BRDA:47,0,0,2
BRDA:47,0,1,0
BRDA:51,1,0,2
BRDA:51,1,1,0
BRDA:64,2,0,2
BRDA:64,2,1,0
BRDA:87,3,0,0
BRDA:87,3,1,0
BRDA:87,4,0,0
BRDA:87,4,1,0
BRDA:93,5,0,0
BRDA:93,5,1,0
BRDA:125,6,0,0
BRDA:125,6,1,0
BRDA:131,7,0,0
BRDA:131,7,1,0
BRDA:147,8,0,0
BRDA:147,8,1,0
BRDA:162,9,0,0
BRDA:162,9,1,0
BRDA:168,10,0,0
BRDA:168,10,1,0
BRDA:173,11,0,0
BRDA:173,11,1,0
BRDA:178,12,0,0
BRDA:178,12,1,0
BRDA:183,13,0,0
BRDA:183,13,1,0
BRDA:188,14,0,0
BRDA:188,14,1,0
BRDA:229,15,0,0
BRDA:229,15,1,0
BRDA:260,16,0,0
BRDA:260,16,1,0
BRDA:264,17,0,0
BRDA:264,17,1,0
BRDA:264,18,0,0
BRDA:264,18,1,0
BRDA:270,19,0,0
BRDA:270,19,1,0
BRDA:279,20,0,0
BRDA:279,20,1,0
BRDA:288,21,0,0
BRDA:288,21,1,0
BRDA:303,22,0,0
BRDA:303,22,1,0
BRDA:311,23,0,0
BRDA:311,23,1,0
BRDA:333,24,0,0
BRDA:335,25,0,0
BRDA:335,25,1,0
BRDA:335,25,2,0
BRDA:335,25,3,0
BRDA:335,25,4,0
BRDA:335,25,5,0
BRDA:343,26,0,0
BRDA:343,26,1,0
BRDA:354,27,0,0
BRDA:354,27,1,0
BRDA:361,28,0,0
BRDA:361,28,1,0
BRF:61
BRH:3
end_of_record
TN:
SF:src\services\leaderboardService.js
FN:18,(anonymous_0)
FN:85,(anonymous_1)
FN:133,(anonymous_2)
FN:154,getWeekNumber
FN:170,(anonymous_4)
FN:183,(anonymous_5)
FNF:6
FNH:3
FNDA:4,(anonymous_0)
FNDA:0,(anonymous_1)
FNDA:2,(anonymous_2)
FNDA:5,getWeekNumber
FNDA:0,(anonymous_4)
FNDA:0,(anonymous_5)
DA:5,5
DA:6,5
DA:7,5
DA:8,5
DA:9,5
DA:18,5
DA:19,4
DA:21,4
DA:22,2
DA:23,2
DA:27,2
DA:30,2
DA:31,2
DA:32,2
DA:35,2
DA:36,2
DA:37,2
DA:40,2
DA:43,2
DA:44,2
DA:45,2
DA:48,2
DA:58,2
DA:64,0
DA:70,0
DA:72,2
DA:73,2
DA:85,5
DA:86,0
DA:88,0
DA:91,0
DA:93,0
DA:96,0
DA:97,0
DA:98,0
DA:102,0
DA:104,0
DA:105,0
DA:111,0
DA:114,0
DA:115,0
DA:119,0
DA:121,0
DA:122,0
DA:133,5
DA:134,2
DA:136,2
DA:139,2
DA:142,2
DA:144,0
DA:145,0
DA:155,5
DA:156,5
DA:157,5
DA:158,5
DA:159,5
DA:160,5
DA:161,5
DA:163,5
DA:170,5
DA:171,0
DA:172,0
DA:174,0
DA:175,0
DA:183,5
DA:184,0
DA:185,0
DA:187,0
DA:188,0
DA:192,5
LF:70
LH:42
BRDA:21,0,0,2
BRDA:21,0,1,2
BRDA:21,1,0,4
BRDA:21,1,1,3
BRDA:21,1,2,2
BRDA:91,2,0,0
BRDA:91,2,1,0
BRDA:91,3,0,0
BRDA:91,3,1,0
BRDA:96,4,0,0
BRDA:96,4,1,0
BRDA:102,5,0,0
BRDA:102,5,1,0
BRDA:102,6,0,0
BRDA:102,6,1,0
BRDA:102,6,2,0
BRDA:111,7,0,0
BRDA:111,7,1,0
BRDA:111,8,0,0
BRDA:111,8,1,0
BRDA:111,8,2,0
BRDA:111,8,3,0
BRDA:136,9,0,2
BRDA:136,9,1,2
BRDA:160,10,0,5
BRDA:160,10,1,0
BRF:26
BRH:8
end_of_record
TN:
SF:src\services\redisService.js
FN:13,(anonymous_0)
FN:25,(anonymous_1)
FN:40,(anonymous_2)
FN:52,(anonymous_3)
FN:64,(anonymous_4)
FN:76,(anonymous_5)
FN:88,(anonymous_6)
FN:100,(anonymous_7)
FN:112,(anonymous_8)
FN:127,(anonymous_9)
FN:142,(anonymous_10)
FN:157,(anonymous_11)
FN:172,(anonymous_12)
FNF:13
FNH:3
FNDA:0,(anonymous_0)
FNDA:0,(anonymous_1)
FNDA:0,(anonymous_2)
FNDA:0,(anonymous_3)
FNDA:0,(anonymous_4)
FNDA:6,(anonymous_5)
FNDA:8,(anonymous_6)
FNDA:2,(anonymous_7)
FNDA:0,(anonymous_8)
FNDA:0,(anonymous_9)
FNDA:0,(anonymous_10)
FNDA:0,(anonymous_11)
FNDA:0,(anonymous_12)
DA:4,5
DA:5,5
DA:6,5
DA:8,5
DA:13,5
DA:14,0
DA:15,0
DA:17,0
DA:18,0
DA:25,5
DA:26,0
DA:27,0
DA:28,0
DA:30,0
DA:32,0
DA:33,0
DA:40,5
DA:41,0
DA:42,0
DA:44,0
DA:45,0
DA:52,5
DA:53,0
DA:54,0
DA:56,0
DA:57,0
DA:64,5
DA:65,0
DA:66,0
DA:68,0
DA:69,0
DA:76,5
DA:77,6
DA:78,6
DA:80,0
DA:81,0
DA:88,5
DA:89,8
DA:90,8
DA:92,0
DA:93,0
DA:100,5
DA:101,2
DA:102,2
DA:104,0
DA:105,0
DA:112,5
DA:113,0
DA:114,0
DA:115,0
DA:117,0
DA:119,0
DA:120,0
DA:127,5
DA:128,0
DA:129,0
DA:131,0
DA:132,0
DA:142,5
DA:143,0
DA:144,0
DA:145,0
DA:147,0
DA:148,0
DA:157,5
DA:158,0
DA:159,0
DA:160,0
DA:162,0
DA:163,0
DA:172,5
DA:173,0
DA:174,0
DA:176,0
DA:177,0
DA:181,5
LF:76
LH:24
BRDA:25,0,0,0
BRDA:27,1,0,0
BRDA:27,1,1,0
BRDA:112,2,0,0
BRDA:114,3,0,0
BRDA:114,3,1,0
BRDA:145,4,0,0
BRDA:145,4,1,0
BRF:8
BRH:0
end_of_record
TN:
SF:src\services\statsService.js
FN:19,(anonymous_0)
FN:116,(anonymous_1)
FN:135,(anonymous_2)
FN:140,(anonymous_3)
FN:141,(anonymous_4)
FN:149,(anonymous_5)
FN:160,(anonymous_6)
FN:163,(anonymous_7)
FN:204,(anonymous_8)
FN:221,(anonymous_9)
FN:234,(anonymous_10)
FN:249,(anonymous_11)
FN:260,(anonymous_12)
FN:271,(anonymous_13)
FN:292,(anonymous_14)
FN:315,(anonymous_15)
FN:326,(anonymous_16)
FN:343,(anonymous_17)
FN:344,(anonymous_18)
FN:370,(anonymous_19)
FNF:20
FNH:1
FNDA:3,(anonymous_0)
FNDA:0,(anonymous_1)
FNDA:0,(anonymous_2)
FNDA:0,(anonymous_3)
FNDA:0,(anonymous_4)
FNDA:0,(anonymous_5)
FNDA:0,(anonymous_6)
FNDA:0,(anonymous_7)
FNDA:0,(anonymous_8)
FNDA:0,(anonymous_9)
FNDA:0,(anonymous_10)
FNDA:0,(anonymous_11)
FNDA:0,(anonymous_12)
FNDA:0,(anonymous_13)
FNDA:0,(anonymous_14)
FNDA:0,(anonymous_15)
FNDA:0,(anonymous_16)
FNDA:0,(anonymous_17)
FNDA:0,(anonymous_18)
FNDA:0,(anonymous_19)
DA:5,2
DA:6,2
DA:7,2
DA:8,2
DA:13,2
DA:20,3
DA:22,3
DA:24,3
DA:25,3
DA:26,3
DA:30,0
DA:35,0
DA:36,0
DA:38,0
DA:40,0
DA:41,0
DA:44,0
DA:45,0
DA:46,0
DA:47,0
DA:49,0
DA:52,0
DA:53,0
DA:55,0
DA:60,0
DA:93,0
DA:106,0
DA:107,0
DA:117,0
DA:119,0
DA:124,0
DA:125,0
DA:135,0
DA:136,0
DA:139,0
DA:140,0
DA:141,0
DA:142,0
DA:143,0
DA:148,0
DA:149,0
DA:153,0
DA:154,0
DA:160,0
DA:162,0
DA:163,0
DA:165,0
DA:166,0
DA:170,0
DA:171,0
DA:178,0
DA:180,0
DA:188,0
DA:189,0
DA:205,0
DA:208,0
DA:209,0
DA:210,0
DA:211,0
DA:212,0
DA:213,0
DA:221,0
DA:222,0
DA:223,0
DA:226,0
DA:227,0
DA:228,0
DA:234,0
DA:235,0
DA:236,0
DA:237,0
DA:241,0
DA:250,0
DA:251,0
DA:252,0
DA:261,0
DA:262,0
DA:263,0
DA:272,0
DA:274,0
DA:277,0
DA:280,0
DA:282,0
DA:283,0
DA:293,0
DA:295,0
DA:296,0
DA:298,0
DA:299,0
DA:303,0
DA:305,0
DA:306,0
DA:316,0
DA:318,0
DA:319,0
DA:321,0
DA:322,0
DA:326,0
DA:327,0
DA:343,0
DA:344,0
DA:345,0
DA:347,0
DA:361,0
DA:362,0
DA:371,0
DA:373,0
DA:376,0
DA:377,0
DA:380,0
DA:381,0
DA:383,0
DA:384,0
DA:389,0
DA:394,0
DA:398,0
DA:412,0
DA:413,0
DA:418,2
LF:119
LH:11
BRDA:24,0,0,3
BRDA:24,0,1,0
BRDA:30,1,0,0
BRDA:30,1,1,0
BRDA:52,2,0,0
BRDA:52,2,1,0
BRDA:53,3,0,0
BRDA:53,3,1,0
BRDA:124,4,0,0
BRDA:124,4,1,0
BRDA:124,5,0,0
BRDA:124,5,1,0
BRDA:142,6,0,0
BRDA:142,6,1,0
BRDA:148,7,0,0
BRDA:148,7,1,0
BRDA:162,8,0,0
BRDA:162,8,1,0
BRDA:162,9,0,0
BRDA:162,9,1,0
BRDA:165,10,0,0
BRDA:165,10,1,0
BRDA:166,11,0,0
BRDA:166,11,1,0
BRDA:170,12,0,0
BRDA:170,12,1,0
BRDA:171,13,0,0
BRDA:171,13,1,0
BRDA:222,14,0,0
BRDA:222,14,1,0
BRDA:226,15,0,0
BRDA:226,15,1,0
BRDA:228,16,0,0
BRDA:228,16,1,0
BRDA:236,17,0,0
BRDA:236,17,1,0
BRDA:280,18,0,0
BRDA:280,18,1,0
BRDA:298,19,0,0
BRDA:298,19,1,0
BRDA:298,20,0,0
BRDA:298,20,1,0
BRDA:315,21,0,0
BRDA:321,22,0,0
BRDA:321,22,1,0
BRDA:321,23,0,0
BRDA:321,23,1,0
BRDA:345,24,0,0
BRDA:345,24,1,0
BRDA:350,25,0,0
BRDA:350,25,1,0
BRDA:351,26,0,0
BRDA:351,26,1,0
BRDA:352,27,0,0
BRDA:352,27,1,0
BRDA:353,28,0,0
BRDA:353,28,1,0
BRDA:355,29,0,0
BRDA:355,29,1,0
BRDA:356,30,0,0
BRDA:356,30,1,0
BRDA:357,31,0,0
BRDA:357,31,1,0
BRDA:394,32,0,0
BRDA:394,32,1,0
BRF:65
BRH:1
end_of_record
TN:
SF:src\utils\errors.js
FN:2,(anonymous_0)
FN:14,(anonymous_1)
FN:21,(anonymous_2)
FN:29,(anonymous_3)
FN:35,(anonymous_4)
FN:41,(anonymous_5)
FNF:6
FNH:0
FNDA:0,(anonymous_0)
FNDA:0,(anonymous_1)
FNDA:0,(anonymous_2)
FNDA:0,(anonymous_3)
FNDA:0,(anonymous_4)
FNDA:0,(anonymous_5)
DA:3,0
DA:4,0
DA:5,0
DA:6,0
DA:7,0
DA:9,0
DA:15,0
DA:16,0
DA:22,0
DA:23,0
DA:24,0
DA:30,0
DA:36,0
DA:42,0
DA:43,0
DA:47,5
LF:16
LH:1
BRDA:6,0,0,0
BRDA:6,0,1,0
BRDA:14,1,0,0
BRDA:35,2,0,0
BRF:4
BRH:0
end_of_record
TN:
SF:src\utils\logger.js
FNF:0
FNH:0
DA:4,5
DA:7,5
DA:15,5
DA:28,5
DA:29,5
DA:37,5
LF:6
LH:6
BRDA:16,0,0,0
BRDA:16,0,1,5
BRDA:28,1,0,5
BRDA:28,1,1,0
BRF:4
BRH:2
end_of_record
TN:
SF:src\utils\scoreCalculator.js
FN:13,(anonymous_0)
FN:37,(anonymous_1)
FN:72,(anonymous_2)
FN:95,(anonymous_3)
FN:113,(anonymous_4)
FNF:5
FNH:0
FNDA:0,(anonymous_0)
FNDA:0,(anonymous_1)
FNDA:0,(anonymous_2)
FNDA:0,(anonymous_3)
FNDA:0,(anonymous_4)
DA:13,2
DA:15,0
DA:16,0
DA:20,0
DA:23,0
DA:26,0
DA:29,0
DA:37,2
DA:39,0
DA:40,0
DA:44,0
DA:47,0
DA:50,0
DA:53,0
DA:54,0
DA:58,0
DA:59,0
DA:64,0
DA:72,2
DA:74,0
DA:75,0
DA:79,0
DA:82,0
DA:85,0
DA:87,0
DA:95,2
DA:96,0
DA:98,0
DA:100,0
DA:102,0
DA:104,0
DA:113,2
DA:114,0
DA:117,0
DA:118,0
DA:128,0
DA:131,0
DA:132,0
DA:133,0
DA:134,0
DA:135,0
DA:136,0
DA:138,0
DA:140,0
DA:141,0
DA:142,0
DA:144,0
DA:149,0
DA:150,0
DA:151,0
DA:152,0
DA:153,0
DA:154,0
DA:155,0
DA:156,0
DA:161,0
DA:162,0
DA:163,0
DA:164,0
DA:165,0
DA:166,0
DA:167,0
DA:171,0
DA:173,0
DA:174,0
DA:177,0
DA:178,0
DA:181,0
DA:182,0
DA:185,0
DA:186,0
DA:189,0
DA:198,2
LF:73
LH:6
BRDA:13,0,0,0
BRDA:15,1,0,0
BRDA:15,1,1,0
BRDA:39,2,0,0
BRDA:39,2,1,0
BRDA:53,3,0,0
BRDA:53,3,1,0
BRDA:58,4,0,0
BRDA:58,4,1,0
BRDA:74,5,0,0
BRDA:74,5,1,0
BRDA:96,6,0,0
BRDA:96,6,1,0
BRDA:96,6,2,0
BRDA:96,6,3,0
BRDA:117,7,0,0
BRDA:117,7,1,0
BRDA:132,8,0,0
BRDA:132,8,1,0
BRDA:133,9,0,0
BRDA:133,9,1,0
BRDA:135,10,0,0
BRDA:135,10,1,0
BRDA:140,11,0,0
BRDA:140,11,1,0
BRDA:141,12,0,0
BRDA:141,12,1,0
BRDA:150,13,0,0
BRDA:150,13,1,0
BRDA:151,14,0,0
BRDA:151,14,1,0
BRDA:153,15,0,0
BRDA:153,15,1,0
BRDA:155,16,0,0
BRDA:155,16,1,0
BRDA:162,17,0,0
BRDA:162,17,1,0
BRDA:164,18,0,0
BRDA:164,18,1,0
BRDA:166,19,0,0
BRDA:166,19,1,0
BRDA:173,20,0,0
BRDA:173,20,1,0
BRDA:177,21,0,0
BRDA:177,21,1,0
BRDA:177,22,0,0
BRDA:177,22,1,0
BRDA:181,23,0,0
BRDA:181,23,1,0
BRDA:185,24,0,0
BRDA:185,24,1,0
BRF:51
BRH:0
end_of_record
TN:
SF:src\utils\tokenGenerator.js
FN:12,(anonymous_0)
FN:34,(anonymous_1)
FNF:2
FNH:0
FNDA:0,(anonymous_0)
FNDA:0,(anonymous_1)
DA:4,1
DA:5,1
DA:12,1
DA:13,0
DA:14,0
DA:24,0
DA:25,0
DA:34,1
DA:35,0
DA:36,0
DA:38,0
DA:39,0
DA:43,1
LF:13
LH:5
BRDA:21,0,0,0
BRDA:21,0,1,0
BRF:2
BRH:0
end_of_record
